<?xml version="1.0" encoding="UTF-8"?>
<testsuite name="org.com.MainPBackApplicationTests" tests="1" skipped="0" failures="0" errors="0" timestamp="2025-02-04T16:47:03" hostname="goboramui-MacBookPro.local" time="0.493">
  <properties/>
  <testcase name="contextLoads()" classname="org.com.MainPBackApplicationTests" time="0.493"/>
  <system-out><![CDATA[Standard Commons Logging discovery in action with spring-jcl: please remove commons-logging.jar from classpath in order to avoid potential conflicts
01:46:49.316 [Test worker] INFO org.springframework.test.context.support.AnnotationConfigContextLoaderUtils -- Could not detect default configuration classes for test class [org.com.MainPBackApplicationTests]: MainPBackApplicationTests does not declare any static, non-private, non-final, nested classes annotated with @Configuration.
01:46:49.457 [Test worker] INFO org.springframework.boot.test.context.SpringBootTestContextBootstrapper -- Found @SpringBootConfiguration org.com.MainPBackApplication for test class org.com.MainPBackApplicationTests

  .   ____          _            __ _ _
 /\\ / ___'_ __ _ _(_)_ __  __ _ \ \ \ \
( ( )\___ | '_ | '_| | '_ \/ _` | \ \ \ \
 \\/  ___)| |_)| | | | | || (_| |  ) ) ) )
  '  |____| .__|_| |_|_| |_\__, | / / / /
 =========|_|==============|___/=/_/_/_/

 :: Spring Boot ::                (v3.4.0)

2025-02-05T01:46:49.888+09:00  INFO 29058 --- [MainP_Back] [    Test worker] org.com.MainPBackApplicationTests        : Starting MainPBackApplicationTests using Java 17.0.12 with PID 29058 (started by boram in /Users/goboram_1/IdeaProjects/MainP_Back)
2025-02-05T01:46:49.891+09:00  INFO 29058 --- [MainP_Back] [    Test worker] org.com.MainPBackApplicationTests        : No active profile set, falling back to 1 default profile: "default"
2025-02-05T01:46:49.892+09:00 DEBUG 29058 --- [MainP_Back] [    Test worker] o.s.boot.SpringApplication               : Loading source class org.com.MainPBackApplication
2025-02-05T01:46:49.924+09:00 DEBUG 29058 --- [MainP_Back] [    Test worker] o.s.w.c.s.GenericWebApplicationContext   : Refreshing org.springframework.web.context.support.GenericWebApplicationContext@48ea2003
2025-02-05T01:46:49.946+09:00 DEBUG 29058 --- [MainP_Back] [    Test worker] o.s.b.f.s.DefaultListableBeanFactory     : Creating shared instance of singleton bean 'org.springframework.context.annotation.internalConfigurationAnnotationProcessor'
2025-02-05T01:46:49.960+09:00 DEBUG 29058 --- [MainP_Back] [    Test worker] o.s.b.f.s.DefaultListableBeanFactory     : Creating shared instance of singleton bean 'org.springframework.boot.autoconfigure.internalCachingMetadataReaderFactory'
2025-02-05T01:46:50.059+09:00 DEBUG 29058 --- [MainP_Back] [    Test worker] o.s.c.a.ClassPathBeanDefinitionScanner   : Identified candidate component class: file [/Users/goboram_1/IdeaProjects/MainP_Back/build/classes/java/main/org/com/board/controller/BoardController.class]
2025-02-05T01:46:50.070+09:00 DEBUG 29058 --- [MainP_Back] [    Test worker] o.s.c.a.ClassPathBeanDefinitionScanner   : Identified candidate component class: file [/Users/goboram_1/IdeaProjects/MainP_Back/build/classes/java/main/org/com/board/service/BoardService.class]
2025-02-05T01:46:50.070+09:00 DEBUG 29058 --- [MainP_Back] [    Test worker] o.s.c.a.ClassPathBeanDefinitionScanner   : Identified candidate component class: file [/Users/goboram_1/IdeaProjects/MainP_Back/build/classes/java/main/org/com/board/service/BoardUpdateHistoryService.class]
2025-02-05T01:46:50.074+09:00 DEBUG 29058 --- [MainP_Back] [    Test worker] o.s.c.a.ClassPathBeanDefinitionScanner   : Identified candidate component class: file [/Users/goboram_1/IdeaProjects/MainP_Back/build/classes/java/main/org/com/board/service/S3Service.class]
2025-02-05T01:46:50.076+09:00 DEBUG 29058 --- [MainP_Back] [    Test worker] o.s.c.a.ClassPathBeanDefinitionScanner   : Identified candidate component class: file [/Users/goboram_1/IdeaProjects/MainP_Back/build/classes/java/main/org/com/cars/controller/CarController.class]
2025-02-05T01:46:50.088+09:00 DEBUG 29058 --- [MainP_Back] [    Test worker] o.s.c.a.ClassPathBeanDefinitionScanner   : Identified candidate component class: file [/Users/goboram_1/IdeaProjects/MainP_Back/build/classes/java/main/org/com/cars/service/CarService.class]
2025-02-05T01:46:50.091+09:00 DEBUG 29058 --- [MainP_Back] [    Test worker] o.s.c.a.ClassPathBeanDefinitionScanner   : Identified candidate component class: file [/Users/goboram_1/IdeaProjects/MainP_Back/build/classes/java/main/org/com/checkinformation/controller/CarDetailsController.class]
2025-02-05T01:46:50.092+09:00 DEBUG 29058 --- [MainP_Back] [    Test worker] o.s.c.a.ClassPathBeanDefinitionScanner   : Identified candidate component class: file [/Users/goboram_1/IdeaProjects/MainP_Back/build/classes/java/main/org/com/checkinformation/service/CarDetailsService.class]
2025-02-05T01:46:50.093+09:00 DEBUG 29058 --- [MainP_Back] [    Test worker] o.s.c.a.ClassPathBeanDefinitionScanner   : Identified candidate component class: file [/Users/goboram_1/IdeaProjects/MainP_Back/build/classes/java/main/org/com/component/JwtUtil.class]
2025-02-05T01:46:50.098+09:00 DEBUG 29058 --- [MainP_Back] [    Test worker] o.s.c.a.ClassPathBeanDefinitionScanner   : Identified candidate component class: file [/Users/goboram_1/IdeaProjects/MainP_Back/build/classes/java/main/org/com/conf/JacksonConfig.class]
2025-02-05T01:46:50.100+09:00 DEBUG 29058 --- [MainP_Back] [    Test worker] o.s.c.a.ClassPathBeanDefinitionScanner   : Identified candidate component class: file [/Users/goboram_1/IdeaProjects/MainP_Back/build/classes/java/main/org/com/conf/SecurityConfig.class]
2025-02-05T01:46:50.101+09:00 DEBUG 29058 --- [MainP_Back] [    Test worker] o.s.c.a.ClassPathBeanDefinitionScanner   : Identified candidate component class: file [/Users/goboram_1/IdeaProjects/MainP_Back/build/classes/java/main/org/com/conf/WebConfig.class]
2025-02-05T01:46:50.105+09:00 DEBUG 29058 --- [MainP_Back] [    Test worker] o.s.c.a.ClassPathBeanDefinitionScanner   : Identified candidate component class: file [/Users/goboram_1/IdeaProjects/MainP_Back/build/classes/java/main/org/com/exception/GlobalExceptionHandler.class]
2025-02-05T01:46:50.106+09:00 DEBUG 29058 --- [MainP_Back] [    Test worker] o.s.c.a.ClassPathBeanDefinitionScanner   : Identified candidate component class: file [/Users/goboram_1/IdeaProjects/MainP_Back/build/classes/java/main/org/com/map/MapController.class]
2025-02-05T01:46:50.107+09:00 DEBUG 29058 --- [MainP_Back] [    Test worker] o.s.c.a.ClassPathBeanDefinitionScanner   : Identified candidate component class: file [/Users/goboram_1/IdeaProjects/MainP_Back/build/classes/java/main/org/com/map/MapService.class]
2025-02-05T01:46:50.108+09:00 DEBUG 29058 --- [MainP_Back] [    Test worker] o.s.c.a.ClassPathBeanDefinitionScanner   : Identified candidate component class: file [/Users/goboram_1/IdeaProjects/MainP_Back/build/classes/java/main/org/com/toss/controller/PaymentController.class]
2025-02-05T01:46:50.112+09:00 DEBUG 29058 --- [MainP_Back] [    Test worker] o.s.c.a.ClassPathBeanDefinitionScanner   : Ignored because not a concrete top-level class: file [/Users/goboram_1/IdeaProjects/MainP_Back/build/classes/java/main/org/com/toss/repository/PaymentRepository.class]
2025-02-05T01:46:50.113+09:00 DEBUG 29058 --- [MainP_Back] [    Test worker] o.s.c.a.ClassPathBeanDefinitionScanner   : Identified candidate component class: file [/Users/goboram_1/IdeaProjects/MainP_Back/build/classes/java/main/org/com/toss/service/PaymentService.class]
2025-02-05T01:46:50.114+09:00 DEBUG 29058 --- [MainP_Back] [    Test worker] o.s.c.a.ClassPathBeanDefinitionScanner   : Identified candidate component class: file [/Users/goboram_1/IdeaProjects/MainP_Back/build/classes/java/main/org/com/user/controller/AuthenticationController.class]
2025-02-05T01:46:50.115+09:00 DEBUG 29058 --- [MainP_Back] [    Test worker] o.s.c.a.ClassPathBeanDefinitionScanner   : Identified candidate component class: file [/Users/goboram_1/IdeaProjects/MainP_Back/build/classes/java/main/org/com/user/controller/UserController.class]
2025-02-05T01:46:50.117+09:00 DEBUG 29058 --- [MainP_Back] [    Test worker] o.s.c.a.ClassPathBeanDefinitionScanner   : Ignored because not a concrete top-level class: file [/Users/goboram_1/IdeaProjects/MainP_Back/build/classes/java/main/org/com/user/repository/UserRepository.class]
2025-02-05T01:46:50.117+09:00 DEBUG 29058 --- [MainP_Back] [    Test worker] o.s.c.a.ClassPathBeanDefinitionScanner   : Identified candidate component class: file [/Users/goboram_1/IdeaProjects/MainP_Back/build/classes/java/main/org/com/user/service/CustomUserDetailsService.class]
2025-02-05T01:46:50.118+09:00 DEBUG 29058 --- [MainP_Back] [    Test worker] o.s.c.a.ClassPathBeanDefinitionScanner   : Identified candidate component class: file [/Users/goboram_1/IdeaProjects/MainP_Back/build/classes/java/main/org/com/user/service/UserService.class]
2025-02-05T01:46:50.120+09:00 DEBUG 29058 --- [MainP_Back] [    Test worker] o.s.c.a.ClassPathBeanDefinitionScanner   : Identified candidate component class: file [/Users/goboram_1/IdeaProjects/MainP_Back/build/classes/java/main/org/com/userSell/controller/CarSellController.class]
2025-02-05T01:46:50.122+09:00 DEBUG 29058 --- [MainP_Back] [    Test worker] o.s.c.a.ClassPathBeanDefinitionScanner   : Ignored because not a concrete top-level class: file [/Users/goboram_1/IdeaProjects/MainP_Back/build/classes/java/main/org/com/userSell/repository/CarSellRepository.class]
2025-02-05T01:46:50.122+09:00 DEBUG 29058 --- [MainP_Back] [    Test worker] o.s.c.a.ClassPathBeanDefinitionScanner   : Identified candidate component class: file [/Users/goboram_1/IdeaProjects/MainP_Back/build/classes/java/main/org/com/userSell/service/CarSellService.class]
2025-02-05T01:46:50.803+09:00 DEBUG 29058 --- [MainP_Back] [    Test worker] o.s.b.f.s.DefaultListableBeanFactory     : Creating shared instance of singleton bean 'org.springframework.boot.autoconfigure.AutoConfigurationPackages'
2025-02-05T01:46:50.811+09:00 DEBUG 29058 --- [MainP_Back] [    Test worker] o.s.b.a.AutoConfigurationPackages        : @EnableAutoConfiguration was declared on a class in the package 'org.com'. Automatic @Repository and @Entity scanning is enabled.
2025-02-05T01:46:50.957+09:00  INFO 29058 --- [MainP_Back] [    Test worker] .s.d.r.c.RepositoryConfigurationDelegate : Bootstrapping Spring Data JPA repositories in DEFAULT mode.
2025-02-05T01:46:50.967+09:00 DEBUG 29058 --- [MainP_Back] [    Test worker] .s.d.r.c.RepositoryConfigurationDelegate : Scanning for JPA repositories in packages org.com.
2025-02-05T01:46:50.989+09:00 DEBUG 29058 --- [MainP_Back] [    Test worker] o.s.d.r.c.RepositoryComponentProvider    : Identified candidate component class: file [/Users/goboram_1/IdeaProjects/MainP_Back/build/classes/java/main/org/com/board/repository/BoardRepository.class]
2025-02-05T01:46:50.989+09:00 DEBUG 29058 --- [MainP_Back] [    Test worker] o.s.d.r.c.RepositoryComponentProvider    : Identified candidate component class: file [/Users/goboram_1/IdeaProjects/MainP_Back/build/classes/java/main/org/com/board/repository/BoardUpdateHistoryRepository.class]
2025-02-05T01:46:50.991+09:00 DEBUG 29058 --- [MainP_Back] [    Test worker] o.s.d.r.c.RepositoryComponentProvider    : Identified candidate component class: file [/Users/goboram_1/IdeaProjects/MainP_Back/build/classes/java/main/org/com/cars/repository/CarRepository.class]
2025-02-05T01:46:50.991+09:00 DEBUG 29058 --- [MainP_Back] [    Test worker] o.s.d.r.c.RepositoryComponentProvider    : Identified candidate component class: file [/Users/goboram_1/IdeaProjects/MainP_Back/build/classes/java/main/org/com/checkinformation/repository/CarDetailsRepository.class]
2025-02-05T01:46:50.992+09:00 DEBUG 29058 --- [MainP_Back] [    Test worker] o.s.d.r.c.RepositoryComponentProvider    : Identified candidate component class: file [/Users/goboram_1/IdeaProjects/MainP_Back/build/classes/java/main/org/com/map/MapRepository.class]
2025-02-05T01:46:50.992+09:00 DEBUG 29058 --- [MainP_Back] [    Test worker] o.s.d.r.c.RepositoryComponentProvider    : Identified candidate component class: file [/Users/goboram_1/IdeaProjects/MainP_Back/build/classes/java/main/org/com/toss/repository/PaymentRepository.class]
2025-02-05T01:46:50.993+09:00 DEBUG 29058 --- [MainP_Back] [    Test worker] o.s.d.r.c.RepositoryComponentProvider    : Identified candidate component class: file [/Users/goboram_1/IdeaProjects/MainP_Back/build/classes/java/main/org/com/user/repository/UserRepository.class]
2025-02-05T01:46:50.993+09:00 DEBUG 29058 --- [MainP_Back] [    Test worker] o.s.d.r.c.RepositoryComponentProvider    : Identified candidate component class: file [/Users/goboram_1/IdeaProjects/MainP_Back/build/classes/java/main/org/com/userSell/repository/CarSellRepository.class]
2025-02-05T01:46:51.055+09:00  INFO 29058 --- [MainP_Back] [    Test worker] .s.d.r.c.RepositoryConfigurationDelegate : Finished Spring Data repository scanning in 86 ms. Found 8 JPA repository interfaces.
2025-02-05T01:46:51.209+09:00 DEBUG 29058 --- [MainP_Back] [    Test worker] o.s.b.f.s.DefaultListableBeanFactory     : Creating shared instance of singleton bean 'org.mybatis.spring.mapper.MapperScannerConfigurer'
2025-02-05T01:46:51.210+09:00 DEBUG 29058 --- [MainP_Back] [    Test worker] o.s.b.f.s.DefaultListableBeanFactory     : Creating shared instance of singleton bean 'springSecurityHandlerMappingIntrospectorBeanDefinitionRegistryPostProcessor'
2025-02-05T01:46:51.212+09:00 DEBUG 29058 --- [MainP_Back] [    Test worker] o.s.b.f.s.DefaultListableBeanFactory     : Creating shared instance of singleton bean 'propertySourcesPlaceholderConfigurer'
2025-02-05T01:46:51.232+09:00  WARN 29058 --- [MainP_Back] [    Test worker] o.m.s.mapper.ClassPathMapperScanner      : No MyBatis mapper was found in '[org.com]' package. Please check your configuration.
2025-02-05T01:46:51.352+09:00 DEBUG 29058 --- [MainP_Back] [    Test worker] o.s.b.f.s.DefaultListableBeanFactory     : Creating shared instance of singleton bean 'org.springframework.boot.test.mock.mockito.MockitoPostProcessor'
2025-02-05T01:46:51.354+09:00 DEBUG 29058 --- [MainP_Back] [    Test worker] o.s.b.f.s.DefaultListableBeanFactory     : Creating shared instance of singleton bean 'emBeanDefinitionRegistrarPostProcessor'
2025-02-05T01:46:51.354+09:00 DEBUG 29058 --- [MainP_Back] [    Test worker] o.s.b.f.s.DefaultListableBeanFactory     : Creating shared instance of singleton bean 'org.springframework.boot.sql.init.dependency.DatabaseInitializationDependencyConfigurer$DependsOnDatabaseInitializationPostProcessor'
2025-02-05T01:46:51.422+09:00 DEBUG 29058 --- [MainP_Back] [    Test worker] o.s.b.f.s.DefaultListableBeanFactory     : Creating shared instance of singleton bean 'org.springframework.context.event.internalEventListenerProcessor'
2025-02-05T01:46:51.424+09:00 DEBUG 29058 --- [MainP_Back] [    Test worker] o.s.b.f.s.DefaultListableBeanFactory     : Creating shared instance of singleton bean 'preserveErrorControllerTargetClassPostProcessor'
2025-02-05T01:46:51.424+09:00 DEBUG 29058 --- [MainP_Back] [    Test worker] o.s.b.f.s.DefaultListableBeanFactory     : Creating shared instance of singleton bean 'conversionServicePostProcessor'
2025-02-05T01:46:51.435+09:00 DEBUG 29058 --- [MainP_Back] [    Test worker] o.s.b.f.s.DefaultListableBeanFactory     : Creating shared instance of singleton bean 'org.springframework.context.event.internalEventListenerFactory'
2025-02-05T01:46:51.435+09:00 DEBUG 29058 --- [MainP_Back] [    Test worker] o.s.b.f.s.DefaultListableBeanFactory     : Creating shared instance of singleton bean 'org.springframework.transaction.config.internalTransactionalEventListenerFactory'
2025-02-05T01:46:51.441+09:00 DEBUG 29058 --- [MainP_Back] [    Test worker] o.s.b.f.s.DefaultListableBeanFactory     : Creating shared instance of singleton bean 'org.springframework.boot.test.mock.mockito.MockitoPostProcessor$SpyPostProcessor'
2025-02-05T01:46:51.442+09:00 DEBUG 29058 --- [MainP_Back] [    Test worker] o.s.b.f.s.DefaultListableBeanFactory     : Creating shared instance of singleton bean 'org.springframework.context.annotation.internalAutowiredAnnotationProcessor'
2025-02-05T01:46:51.444+09:00 DEBUG 29058 --- [MainP_Back] [    Test worker] o.s.b.f.s.DefaultListableBeanFactory     : Creating shared instance of singleton bean 'org.springframework.context.annotation.internalCommonAnnotationProcessor'
2025-02-05T01:46:51.447+09:00 DEBUG 29058 --- [MainP_Back] [    Test worker] o.s.b.f.s.DefaultListableBeanFactory     : Creating shared instance of singleton bean 'org.springframework.context.annotation.internalPersistenceAnnotationProcessor'
2025-02-05T01:46:51.448+09:00 DEBUG 29058 --- [MainP_Back] [    Test worker] o.s.b.f.s.DefaultListableBeanFactory     : Creating shared instance of singleton bean 'org.springframework.boot.context.properties.ConfigurationPropertiesBindingPostProcessor'
2025-02-05T01:46:51.448+09:00 DEBUG 29058 --- [MainP_Back] [    Test worker] o.s.b.f.s.DefaultListableBeanFactory     : Creating shared instance of singleton bean 'org.springframework.boot.context.internalConfigurationPropertiesBinder'
2025-02-05T01:46:51.451+09:00 DEBUG 29058 --- [MainP_Back] [    Test worker] o.s.b.f.s.DefaultListableBeanFactory     : Creating shared instance of singleton bean 'jdbcConnectionDetailsHikariBeanPostProcessor'
2025-02-05T01:46:51.453+09:00 DEBUG 29058 --- [MainP_Back] [    Test worker] o.s.b.f.s.DefaultListableBeanFactory     : Creating shared instance of singleton bean 'methodValidationPostProcessor'
2025-02-05T01:46:51.455+09:00 DEBUG 29058 --- [MainP_Back] [    Test worker] o.s.b.f.s.DefaultListableBeanFactory     : Autowiring by type from bean name 'methodValidationPostProcessor' via factory method to bean named 'environment'
2025-02-05T01:46:51.470+09:00 DEBUG 29058 --- [MainP_Back] [    Test worker] o.s.b.f.s.DefaultListableBeanFactory     : Creating shared instance of singleton bean 'org.springframework.boot.context.properties.EnableConfigurationPropertiesRegistrar.methodValidationExcludeFilter'
2025-02-05T01:46:51.492+09:00 DEBUG 29058 --- [MainP_Back] [    Test worker] o.s.b.f.s.DefaultListableBeanFactory     : Creating shared instance of singleton bean 'org.springframework.aop.config.internalAutoProxyCreator'
2025-02-05T01:46:51.505+09:00 DEBUG 29058 --- [MainP_Back] [    Test worker] o.s.b.f.s.DefaultListableBeanFactory     : Creating shared instance of singleton bean 'persistenceExceptionTranslationPostProcessor'
2025-02-05T01:46:51.505+09:00 DEBUG 29058 --- [MainP_Back] [    Test worker] o.s.b.f.s.DefaultListableBeanFactory     : Autowiring by type from bean name 'persistenceExceptionTranslationPostProcessor' via factory method to bean named 'environment'
2025-02-05T01:46:51.507+09:00 DEBUG 29058 --- [MainP_Back] [    Test worker] o.s.b.f.s.DefaultListableBeanFactory     : Creating shared instance of singleton bean 'webServerFactoryCustomizerBeanPostProcessor'
2025-02-05T01:46:51.508+09:00 DEBUG 29058 --- [MainP_Back] [    Test worker] o.s.b.f.s.DefaultListableBeanFactory     : Creating shared instance of singleton bean 'errorPageRegistrarBeanPostProcessor'
2025-02-05T01:46:51.509+09:00 DEBUG 29058 --- [MainP_Back] [    Test worker] o.s.b.f.s.DefaultListableBeanFactory     : Creating shared instance of singleton bean 'projectingArgumentResolverBeanPostProcessor'
2025-02-05T01:46:51.510+09:00 DEBUG 29058 --- [MainP_Back] [    Test worker] o.s.b.f.s.DefaultListableBeanFactory     : Creating shared instance of singleton bean 'org.springframework.transaction.config.internalTransactionAdvisor'
2025-02-05T01:46:51.510+09:00 DEBUG 29058 --- [MainP_Back] [    Test worker] o.s.b.f.s.DefaultListableBeanFactory     : Creating shared instance of singleton bean 'org.springframework.transaction.annotation.ProxyTransactionManagementConfiguration'
2025-02-05T01:46:51.522+09:00 DEBUG 29058 --- [MainP_Back] [    Test worker] o.s.b.f.s.DefaultListableBeanFactory     : Creating shared instance of singleton bean 'transactionAttributeSource'
2025-02-05T01:46:51.524+09:00 DEBUG 29058 --- [MainP_Back] [    Test worker] o.s.b.f.s.DefaultListableBeanFactory     : Creating shared instance of singleton bean 'transactionInterceptor'
2025-02-05T01:46:51.524+09:00 DEBUG 29058 --- [MainP_Back] [    Test worker] o.s.b.f.s.DefaultListableBeanFactory     : Autowiring by type from bean name 'transactionInterceptor' via factory method to bean named 'transactionAttributeSource'
2025-02-05T01:46:51.532+09:00 DEBUG 29058 --- [MainP_Back] [    Test worker] o.s.b.f.s.DefaultListableBeanFactory     : Autowiring by type from bean name 'org.springframework.transaction.config.internalTransactionAdvisor' via factory method to bean named 'transactionAttributeSource'
2025-02-05T01:46:51.532+09:00 DEBUG 29058 --- [MainP_Back] [    Test worker] o.s.b.f.s.DefaultListableBeanFactory     : Autowiring by type from bean name 'org.springframework.transaction.config.internalTransactionAdvisor' via factory method to bean named 'transactionInterceptor'
2025-02-05T01:46:51.555+09:00 DEBUG 29058 --- [MainP_Back] [    Test worker] o.s.u.c.s.UiApplicationContextUtils      : Unable to locate ThemeSource with name 'themeSource': using default [org.springframework.ui.context.support.ResourceBundleThemeSource@6b9c42bd]
2025-02-05T01:46:51.556+09:00 DEBUG 29058 --- [MainP_Back] [    Test worker] o.s.b.f.s.DefaultListableBeanFactory     : Creating shared instance of singleton bean 'org.springframework.test.context.support.internalDynamicPropertyRegistrarBeanInitializer'
2025-02-05T01:46:51.559+09:00 DEBUG 29058 --- [MainP_Back] [    Test worker] o.s.b.f.s.DefaultListableBeanFactory     : Creating shared instance of singleton bean 'dataSourceScriptDatabaseInitializer'
2025-02-05T01:46:51.560+09:00 DEBUG 29058 --- [MainP_Back] [    Test worker] o.s.b.f.s.DefaultListableBeanFactory     : Creating shared instance of singleton bean 'org.springframework.boot.autoconfigure.sql.init.DataSourceInitializationConfiguration'
2025-02-05T01:46:51.561+09:00 DEBUG 29058 --- [MainP_Back] [    Test worker] o.s.b.f.s.DefaultListableBeanFactory     : Creating shared instance of singleton bean 'dataSource'
2025-02-05T01:46:51.561+09:00 DEBUG 29058 --- [MainP_Back] [    Test worker] o.s.b.f.s.DefaultListableBeanFactory     : Creating shared instance of singleton bean 'org.springframework.boot.autoconfigure.jdbc.DataSourceConfiguration$Hikari'
2025-02-05T01:46:51.563+09:00 DEBUG 29058 --- [MainP_Back] [    Test worker] o.s.b.f.s.DefaultListableBeanFactory     : Creating shared instance of singleton bean 'spring.datasource-org.springframework.boot.autoconfigure.jdbc.DataSourceProperties'
2025-02-05T01:46:51.564+09:00 DEBUG 29058 --- [MainP_Back] [    Test worker] o.s.b.f.s.DefaultListableBeanFactory     : Creating shared instance of singleton bean 'org.springframework.boot.context.properties.BoundConfigurationProperties'
2025-02-05T01:46:51.581+09:00 DEBUG 29058 --- [MainP_Back] [    Test worker] o.s.b.f.s.DefaultListableBeanFactory     : Creating shared instance of singleton bean 'jdbcConnectionDetails'
2025-02-05T01:46:51.582+09:00 DEBUG 29058 --- [MainP_Back] [    Test worker] o.s.b.f.s.DefaultListableBeanFactory     : Creating shared instance of singleton bean 'org.springframework.boot.autoconfigure.jdbc.DataSourceAutoConfiguration$PooledDataSourceConfiguration'
2025-02-05T01:46:51.584+09:00 DEBUG 29058 --- [MainP_Back] [    Test worker] o.s.b.f.s.DefaultListableBeanFactory     : Autowiring by type from bean name 'jdbcConnectionDetails' via factory method to bean named 'spring.datasource-org.springframework.boot.autoconfigure.jdbc.DataSourceProperties'
2025-02-05T01:46:51.586+09:00 DEBUG 29058 --- [MainP_Back] [    Test worker] o.s.b.f.s.DefaultListableBeanFactory     : Autowiring by type from bean name 'dataSource' via factory method to bean named 'spring.datasource-org.springframework.boot.autoconfigure.jdbc.DataSourceProperties'
2025-02-05T01:46:51.586+09:00 DEBUG 29058 --- [MainP_Back] [    Test worker] o.s.b.f.s.DefaultListableBeanFactory     : Autowiring by type from bean name 'dataSource' via factory method to bean named 'jdbcConnectionDetails'
2025-02-05T01:46:51.619+09:00 DEBUG 29058 --- [MainP_Back] [    Test worker] o.s.b.f.s.DefaultListableBeanFactory     : Creating shared instance of singleton bean 'spring.sql.init-org.springframework.boot.autoconfigure.sql.init.SqlInitializationProperties'
2025-02-05T01:46:51.622+09:00 DEBUG 29058 --- [MainP_Back] [    Test worker] o.s.b.f.s.DefaultListableBeanFactory     : Autowiring by type from bean name 'dataSourceScriptDatabaseInitializer' via factory method to bean named 'dataSource'
2025-02-05T01:46:51.622+09:00 DEBUG 29058 --- [MainP_Back] [    Test worker] o.s.b.f.s.DefaultListableBeanFactory     : Autowiring by type from bean name 'dataSourceScriptDatabaseInitializer' via factory method to bean named 'spring.sql.init-org.springframework.boot.autoconfigure.sql.init.SqlInitializationProperties'
2025-02-05T01:46:51.629+09:00 DEBUG 29058 --- [MainP_Back] [    Test worker] o.s.b.f.s.DefaultListableBeanFactory     : Creating shared instance of singleton bean 'entityManagerFactory'
2025-02-05T01:46:51.630+09:00 DEBUG 29058 --- [MainP_Back] [    Test worker] o.s.b.f.s.DefaultListableBeanFactory     : Creating shared instance of singleton bean 'org.springframework.boot.autoconfigure.orm.jpa.HibernateJpaConfiguration'
2025-02-05T01:46:51.632+09:00 DEBUG 29058 --- [MainP_Back] [    Test worker] o.s.b.f.s.DefaultListableBeanFactory     : Creating shared instance of singleton bean 'spring.jpa-org.springframework.boot.autoconfigure.orm.jpa.JpaProperties'
2025-02-05T01:46:51.638+09:00 DEBUG 29058 --- [MainP_Back] [    Test worker] o.s.b.f.s.DefaultListableBeanFactory     : Creating shared instance of singleton bean 'spring.jpa.hibernate-org.springframework.boot.autoconfigure.orm.jpa.HibernateProperties'
2025-02-05T01:46:51.641+09:00 DEBUG 29058 --- [MainP_Back] [    Test worker] o.s.b.f.s.DefaultListableBeanFactory     : Autowiring by type from bean name 'org.springframework.boot.autoconfigure.orm.jpa.HibernateJpaConfiguration' via constructor to bean named 'dataSource'
2025-02-05T01:46:51.641+09:00 DEBUG 29058 --- [MainP_Back] [    Test worker] o.s.b.f.s.DefaultListableBeanFactory     : Autowiring by type from bean name 'org.springframework.boot.autoconfigure.orm.jpa.HibernateJpaConfiguration' via constructor to bean named 'spring.jpa-org.springframework.boot.autoconfigure.orm.jpa.JpaProperties'
2025-02-05T01:46:51.641+09:00 DEBUG 29058 --- [MainP_Back] [    Test worker] o.s.b.f.s.DefaultListableBeanFactory     : Autowiring by type from bean name 'org.springframework.boot.autoconfigure.orm.jpa.HibernateJpaConfiguration' via constructor to bean named 'org.springframework.beans.factory.support.DefaultListableBeanFactory@7f829c76'
2025-02-05T01:46:51.642+09:00 DEBUG 29058 --- [MainP_Back] [    Test worker] o.s.b.f.s.DefaultListableBeanFactory     : Autowiring by type from bean name 'org.springframework.boot.autoconfigure.orm.jpa.HibernateJpaConfiguration' via constructor to bean named 'spring.jpa.hibernate-org.springframework.boot.autoconfigure.orm.jpa.HibernateProperties'
2025-02-05T01:46:51.644+09:00 DEBUG 29058 --- [MainP_Back] [    Test worker] o.s.b.f.s.DefaultListableBeanFactory     : Creating shared instance of singleton bean 'hikariPoolDataSourceMetadataProvider'
2025-02-05T01:46:51.644+09:00 DEBUG 29058 --- [MainP_Back] [    Test worker] o.s.b.f.s.DefaultListableBeanFactory     : Creating shared instance of singleton bean 'org.springframework.boot.autoconfigure.jdbc.metadata.DataSourcePoolMetadataProvidersConfiguration$HikariPoolDataSourceMetadataProviderConfiguration'
2025-02-05T01:46:51.650+09:00 DEBUG 29058 --- [MainP_Back] [    Test worker] o.s.b.f.s.DefaultListableBeanFactory     : Creating shared instance of singleton bean 'entityManagerFactoryBuilder'
2025-02-05T01:46:51.650+09:00 DEBUG 29058 --- [MainP_Back] [    Test worker] o.s.b.f.s.DefaultListableBeanFactory     : Creating shared instance of singleton bean 'jpaVendorAdapter'
2025-02-05T01:46:51.661+09:00 DEBUG 29058 --- [MainP_Back] [    Test worker] o.s.b.f.s.DefaultListableBeanFactory     : Autowiring by type from bean name 'entityManagerFactoryBuilder' via factory method to bean named 'jpaVendorAdapter'
2025-02-05T01:46:51.669+09:00 DEBUG 29058 --- [MainP_Back] [    Test worker] o.s.b.f.s.DefaultListableBeanFactory     : Creating shared instance of singleton bean 'persistenceManagedTypes'
2025-02-05T01:46:51.671+09:00 DEBUG 29058 --- [MainP_Back] [    Test worker] o.s.b.f.s.DefaultListableBeanFactory     : Autowiring by type from bean name 'persistenceManagedTypes' via factory method to bean named 'org.springframework.beans.factory.support.DefaultListableBeanFactory@7f829c76'
2025-02-05T01:46:51.671+09:00 DEBUG 29058 --- [MainP_Back] [    Test worker] o.s.b.f.s.DefaultListableBeanFactory     : Autowiring by type from bean name 'persistenceManagedTypes' via factory method to bean named 'org.springframework.web.context.support.GenericWebApplicationContext@48ea2003'
2025-02-05T01:46:51.688+09:00 DEBUG 29058 --- [MainP_Back] [    Test worker] o.s.b.f.s.DefaultListableBeanFactory     : Autowiring by type from bean name 'entityManagerFactory' via factory method to bean named 'entityManagerFactoryBuilder'
2025-02-05T01:46:51.688+09:00 DEBUG 29058 --- [MainP_Back] [    Test worker] o.s.b.f.s.DefaultListableBeanFactory     : Autowiring by type from bean name 'entityManagerFactory' via factory method to bean named 'persistenceManagedTypes'
2025-02-05T01:46:51.703+09:00 DEBUG 29058 --- [MainP_Back] [    Test worker] j.LocalContainerEntityManagerFactoryBean : Building JPA container EntityManagerFactory for persistence unit 'default'
2025-02-05T01:46:51.722+09:00  INFO 29058 --- [MainP_Back] [    Test worker] o.hibernate.jpa.internal.util.LogHelper  : HHH000204: Processing PersistenceUnitInfo [name: default]
2025-02-05T01:46:51.786+09:00  INFO 29058 --- [MainP_Back] [    Test worker] org.hibernate.Version                    : HHH000412: Hibernate ORM core version 6.6.2.Final
2025-02-05T01:46:51.821+09:00  INFO 29058 --- [MainP_Back] [    Test worker] o.h.c.internal.RegionFactoryInitiator    : HHH000026: Second-level cache disabled
2025-02-05T01:46:52.146+09:00  INFO 29058 --- [MainP_Back] [    Test worker] o.s.o.j.p.SpringPersistenceUnitInfo      : No LoadTimeWeaver setup: ignoring JPA class transformer
2025-02-05T01:46:52.176+09:00  INFO 29058 --- [MainP_Back] [    Test worker] com.zaxxer.hikari.HikariDataSource       : HikariPool-1 - Starting...
2025-02-05T01:46:55.539+09:00  INFO 29058 --- [MainP_Back] [    Test worker] com.zaxxer.hikari.pool.HikariPool        : HikariPool-1 - Added connection com.mysql.cj.jdbc.ConnectionImpl@6bf54260
2025-02-05T01:46:55.541+09:00  INFO 29058 --- [MainP_Back] [    Test worker] com.zaxxer.hikari.HikariDataSource       : HikariPool-1 - Start completed.
2025-02-05T01:46:55.835+09:00  WARN 29058 --- [MainP_Back] [    Test worker] org.hibernate.orm.deprecation            : HHH90000025: MySQL8Dialect does not need to be specified explicitly using 'hibernate.dialect' (remove the property setting and it will be selected by default)
2025-02-05T01:46:55.837+09:00  WARN 29058 --- [MainP_Back] [    Test worker] org.hibernate.orm.deprecation            : HHH90000026: MySQL8Dialect has been deprecated; use org.hibernate.dialect.MySQLDialect instead
2025-02-05T01:46:55.855+09:00  INFO 29058 --- [MainP_Back] [    Test worker] org.hibernate.orm.connections.pooling    : HHH10001005: Database info:
	Database JDBC URL [Connecting through datasource 'HikariDataSource (HikariPool-1)']
	Database driver: undefined/unknown
	Database version: 8.0
	Autocommit mode: undefined/unknown
	Isolation level: undefined/unknown
	Minimum pool size: undefined/unknown
	Maximum pool size: undefined/unknown
2025-02-05T01:46:57.061+09:00  INFO 29058 --- [MainP_Back] [    Test worker] o.h.e.t.j.p.i.JtaPlatformInitiator       : HHH000489: No JTA platform available (set 'hibernate.transaction.jta.platform' to enable JTA platform integration)
2025-02-05T01:46:58.210+09:00  WARN 29058 --- [MainP_Back] [    Test worker] o.h.t.s.i.ExceptionHandlerLoggedImpl     : GenerationTarget encountered exception accepting command : Error executing DDL "create table payment_entity (id varchar(255) not null auto_increment, amount varchar(255), order_id varchar(255), payment_key varchar(255), user_id varchar(255), primary key (id)) engine=InnoDB" via JDBC [Incorrect column specifier for column 'id']

org.hibernate.tool.schema.spi.CommandAcceptanceException: Error executing DDL "create table payment_entity (id varchar(255) not null auto_increment, amount varchar(255), order_id varchar(255), payment_key varchar(255), user_id varchar(255), primary key (id)) engine=InnoDB" via JDBC [Incorrect column specifier for column 'id']
	at org.hibernate.tool.schema.internal.exec.GenerationTargetToDatabase.accept(GenerationTargetToDatabase.java:94) ~[hibernate-core-6.6.2.Final.jar:6.6.2.Final]
	at org.hibernate.tool.schema.internal.AbstractSchemaMigrator.applySqlString(AbstractSchemaMigrator.java:576) ~[hibernate-core-6.6.2.Final.jar:6.6.2.Final]
	at org.hibernate.tool.schema.internal.AbstractSchemaMigrator.applySqlStrings(AbstractSchemaMigrator.java:516) ~[hibernate-core-6.6.2.Final.jar:6.6.2.Final]
	at org.hibernate.tool.schema.internal.AbstractSchemaMigrator.createTable(AbstractSchemaMigrator.java:316) ~[hibernate-core-6.6.2.Final.jar:6.6.2.Final]
	at org.hibernate.tool.schema.internal.GroupedSchemaMigratorImpl.performTablesMigration(GroupedSchemaMigratorImpl.java:80) ~[hibernate-core-6.6.2.Final.jar:6.6.2.Final]
	at org.hibernate.tool.schema.internal.AbstractSchemaMigrator.performMigration(AbstractSchemaMigrator.java:233) ~[hibernate-core-6.6.2.Final.jar:6.6.2.Final]
	at org.hibernate.tool.schema.internal.AbstractSchemaMigrator.doMigration(AbstractSchemaMigrator.java:112) ~[hibernate-core-6.6.2.Final.jar:6.6.2.Final]
	at org.hibernate.tool.schema.spi.SchemaManagementToolCoordinator.performDatabaseAction(SchemaManagementToolCoordinator.java:280) ~[hibernate-core-6.6.2.Final.jar:6.6.2.Final]
	at org.hibernate.tool.schema.spi.SchemaManagementToolCoordinator.lambda$process$5(SchemaManagementToolCoordinator.java:144) ~[hibernate-core-6.6.2.Final.jar:6.6.2.Final]
	at java.base/java.util.HashMap.forEach(HashMap.java:1421) ~[na:na]
	at org.hibernate.tool.schema.spi.SchemaManagementToolCoordinator.process(SchemaManagementToolCoordinator.java:141) ~[hibernate-core-6.6.2.Final.jar:6.6.2.Final]
	at org.hibernate.boot.internal.SessionFactoryObserverForSchemaExport.sessionFactoryCreated(SessionFactoryObserverForSchemaExport.java:37) ~[hibernate-core-6.6.2.Final.jar:6.6.2.Final]
	at org.hibernate.internal.SessionFactoryObserverChain.sessionFactoryCreated(SessionFactoryObserverChain.java:35) ~[hibernate-core-6.6.2.Final.jar:6.6.2.Final]
	at org.hibernate.internal.SessionFactoryImpl.<init>(SessionFactoryImpl.java:324) ~[hibernate-core-6.6.2.Final.jar:6.6.2.Final]
	at org.hibernate.boot.internal.SessionFactoryBuilderImpl.build(SessionFactoryBuilderImpl.java:463) ~[hibernate-core-6.6.2.Final.jar:6.6.2.Final]
	at org.hibernate.jpa.boot.internal.EntityManagerFactoryBuilderImpl.build(EntityManagerFactoryBuilderImpl.java:1506) ~[hibernate-core-6.6.2.Final.jar:6.6.2.Final]
	at org.springframework.orm.jpa.vendor.SpringHibernateJpaPersistenceProvider.createContainerEntityManagerFactory(SpringHibernateJpaPersistenceProvider.java:66) ~[spring-orm-6.2.0.jar:6.2.0]
	at org.springframework.orm.jpa.LocalContainerEntityManagerFactoryBean.createNativeEntityManagerFactory(LocalContainerEntityManagerFactoryBean.java:390) ~[spring-orm-6.2.0.jar:6.2.0]
	at org.springframework.orm.jpa.AbstractEntityManagerFactoryBean.buildNativeEntityManagerFactory(AbstractEntityManagerFactoryBean.java:419) ~[spring-orm-6.2.0.jar:6.2.0]
	at org.springframework.orm.jpa.AbstractEntityManagerFactoryBean.afterPropertiesSet(AbstractEntityManagerFactoryBean.java:400) ~[spring-orm-6.2.0.jar:6.2.0]
	at org.springframework.orm.jpa.LocalContainerEntityManagerFactoryBean.afterPropertiesSet(LocalContainerEntityManagerFactoryBean.java:366) ~[spring-orm-6.2.0.jar:6.2.0]
	at org.springframework.beans.factory.support.AbstractAutowireCapableBeanFactory.invokeInitMethods(AbstractAutowireCapableBeanFactory.java:1849) ~[spring-beans-6.2.0.jar:6.2.0]
	at org.springframework.beans.factory.support.AbstractAutowireCapableBeanFactory.initializeBean(AbstractAutowireCapableBeanFactory.java:1798) ~[spring-beans-6.2.0.jar:6.2.0]
	at org.springframework.beans.factory.support.AbstractAutowireCapableBeanFactory.doCreateBean(AbstractAutowireCapableBeanFactory.java:601) ~[spring-beans-6.2.0.jar:6.2.0]
	at org.springframework.beans.factory.support.AbstractAutowireCapableBeanFactory.createBean(AbstractAutowireCapableBeanFactory.java:523) ~[spring-beans-6.2.0.jar:6.2.0]
	at org.springframework.beans.factory.support.AbstractBeanFactory.lambda$doGetBean$0(AbstractBeanFactory.java:336) ~[spring-beans-6.2.0.jar:6.2.0]
	at org.springframework.beans.factory.support.DefaultSingletonBeanRegistry.getSingleton(DefaultSingletonBeanRegistry.java:288) ~[spring-beans-6.2.0.jar:6.2.0]
	at org.springframework.beans.factory.support.AbstractBeanFactory.doGetBean(AbstractBeanFactory.java:334) ~[spring-beans-6.2.0.jar:6.2.0]
	at org.springframework.beans.factory.support.AbstractBeanFactory.getBean(AbstractBeanFactory.java:204) ~[spring-beans-6.2.0.jar:6.2.0]
	at org.springframework.context.support.AbstractApplicationContext.finishBeanFactoryInitialization(AbstractApplicationContext.java:970) ~[spring-context-6.2.0.jar:6.2.0]
	at org.springframework.context.support.AbstractApplicationContext.refresh(AbstractApplicationContext.java:627) ~[spring-context-6.2.0.jar:6.2.0]
	at org.springframework.boot.SpringApplication.refresh(SpringApplication.java:752) ~[spring-boot-3.4.0.jar:3.4.0]
	at org.springframework.boot.SpringApplication.refreshContext(SpringApplication.java:439) ~[spring-boot-3.4.0.jar:3.4.0]
	at org.springframework.boot.SpringApplication.run(SpringApplication.java:318) ~[spring-boot-3.4.0.jar:3.4.0]
	at org.springframework.boot.test.context.SpringBootContextLoader.lambda$loadContext$3(SpringBootContextLoader.java:137) ~[spring-boot-test-3.4.0.jar:3.4.0]
	at org.springframework.util.function.ThrowingSupplier.get(ThrowingSupplier.java:58) ~[spring-core-6.2.0.jar:6.2.0]
	at org.springframework.util.function.ThrowingSupplier.get(ThrowingSupplier.java:46) ~[spring-core-6.2.0.jar:6.2.0]
	at org.springframework.boot.SpringApplication.withHook(SpringApplication.java:1461) ~[spring-boot-3.4.0.jar:3.4.0]
	at org.springframework.boot.test.context.SpringBootContextLoader$ContextLoaderHook.run(SpringBootContextLoader.java:553) ~[spring-boot-test-3.4.0.jar:3.4.0]
	at org.springframework.boot.test.context.SpringBootContextLoader.loadContext(SpringBootContextLoader.java:137) ~[spring-boot-test-3.4.0.jar:3.4.0]
	at org.springframework.boot.test.context.SpringBootContextLoader.loadContext(SpringBootContextLoader.java:108) ~[spring-boot-test-3.4.0.jar:3.4.0]
	at org.springframework.test.context.cache.DefaultCacheAwareContextLoaderDelegate.loadContextInternal(DefaultCacheAwareContextLoaderDelegate.java:225) ~[spring-test-6.2.0.jar:6.2.0]
	at org.springframework.test.context.cache.DefaultCacheAwareContextLoaderDelegate.loadContext(DefaultCacheAwareContextLoaderDelegate.java:152) ~[spring-test-6.2.0.jar:6.2.0]
	at org.springframework.test.context.support.DefaultTestContext.getApplicationContext(DefaultTestContext.java:130) ~[spring-test-6.2.0.jar:6.2.0]
	at org.springframework.test.context.web.ServletTestExecutionListener.setUpRequestContextIfNecessary(ServletTestExecutionListener.java:191) ~[spring-test-6.2.0.jar:6.2.0]
	at org.springframework.test.context.web.ServletTestExecutionListener.prepareTestInstance(ServletTestExecutionListener.java:130) ~[spring-test-6.2.0.jar:6.2.0]
	at org.springframework.test.context.TestContextManager.prepareTestInstance(TestContextManager.java:260) ~[spring-test-6.2.0.jar:6.2.0]
	at org.springframework.test.context.junit.jupiter.SpringExtension.postProcessTestInstance(SpringExtension.java:160) ~[spring-test-6.2.0.jar:6.2.0]
	at org.junit.jupiter.engine.descriptor.ClassBasedTestDescriptor.lambda$invokeTestInstancePostProcessors$11(ClassBasedTestDescriptor.java:378) ~[junit-jupiter-engine-5.11.3.jar:5.11.3]
	at org.junit.jupiter.engine.descriptor.ClassBasedTestDescriptor.executeAndMaskThrowable(ClassBasedTestDescriptor.java:383) ~[junit-jupiter-engine-5.11.3.jar:5.11.3]
	at org.junit.jupiter.engine.descriptor.ClassBasedTestDescriptor.lambda$invokeTestInstancePostProcessors$12(ClassBasedTestDescriptor.java:378) ~[junit-jupiter-engine-5.11.3.jar:5.11.3]
	at java.base/java.util.stream.ForEachOps$ForEachOp$OfRef.accept(ForEachOps.java:183) ~[na:na]
	at java.base/java.util.stream.ReferencePipeline$3$1.accept(ReferencePipeline.java:197) ~[na:na]
	at java.base/java.util.stream.ReferencePipeline$2$1.accept(ReferencePipeline.java:179) ~[na:na]
	at java.base/java.util.stream.ReferencePipeline$3$1.accept(ReferencePipeline.java:197) ~[na:na]
	at java.base/java.util.ArrayList$ArrayListSpliterator.forEachRemaining(ArrayList.java:1625) ~[na:na]
	at java.base/java.util.stream.AbstractPipeline.copyInto(AbstractPipeline.java:509) ~[na:na]
	at java.base/java.util.stream.AbstractPipeline.wrapAndCopyInto(AbstractPipeline.java:499) ~[na:na]
	at java.base/java.util.stream.ForEachOps$ForEachOp.evaluateSequential(ForEachOps.java:150) ~[na:na]
	at java.base/java.util.stream.ForEachOps$ForEachOp$OfRef.evaluateSequential(ForEachOps.java:173) ~[na:na]
	at java.base/java.util.stream.AbstractPipeline.evaluate(AbstractPipeline.java:234) ~[na:na]
	at java.base/java.util.stream.ReferencePipeline.forEach(ReferencePipeline.java:596) ~[na:na]
	at org.junit.jupiter.engine.descriptor.ClassBasedTestDescriptor.invokeTestInstancePostProcessors(ClassBasedTestDescriptor.java:377) ~[junit-jupiter-engine-5.11.3.jar:5.11.3]
	at org.junit.jupiter.engine.descriptor.ClassBasedTestDescriptor.lambda$instantiateAndPostProcessTestInstance$7(ClassBasedTestDescriptor.java:290) ~[junit-jupiter-engine-5.11.3.jar:5.11.3]
	at org.junit.platform.engine.support.hierarchical.ThrowableCollector.execute(ThrowableCollector.java:73) ~[junit-platform-engine-1.11.3.jar:1.11.3]
	at org.junit.jupiter.engine.descriptor.ClassBasedTestDescriptor.instantiateAndPostProcessTestInstance(ClassBasedTestDescriptor.java:289) ~[junit-jupiter-engine-5.11.3.jar:5.11.3]
	at org.junit.jupiter.engine.descriptor.ClassBasedTestDescriptor.lambda$testInstancesProvider$5(ClassBasedTestDescriptor.java:279) ~[junit-jupiter-engine-5.11.3.jar:5.11.3]
	at java.base/java.util.Optional.orElseGet(Optional.java:364) ~[na:na]
	at org.junit.jupiter.engine.descriptor.ClassBasedTestDescriptor.lambda$testInstancesProvider$6(ClassBasedTestDescriptor.java:278) ~[junit-jupiter-engine-5.11.3.jar:5.11.3]
	at org.junit.jupiter.engine.execution.TestInstancesProvider.getTestInstances(TestInstancesProvider.java:31) ~[junit-jupiter-engine-5.11.3.jar:5.11.3]
	at org.junit.jupiter.engine.descriptor.TestMethodTestDescriptor.lambda$prepare$1(TestMethodTestDescriptor.java:105) ~[junit-jupiter-engine-5.11.3.jar:5.11.3]
	at org.junit.platform.engine.support.hierarchical.ThrowableCollector.execute(ThrowableCollector.java:73) ~[junit-platform-engine-1.11.3.jar:1.11.3]
	at org.junit.jupiter.engine.descriptor.TestMethodTestDescriptor.prepare(TestMethodTestDescriptor.java:104) ~[junit-jupiter-engine-5.11.3.jar:5.11.3]
	at org.junit.jupiter.engine.descriptor.TestMethodTestDescriptor.prepare(TestMethodTestDescriptor.java:68) ~[junit-jupiter-engine-5.11.3.jar:5.11.3]
	at org.junit.platform.engine.support.hierarchical.NodeTestTask.lambda$prepare$2(NodeTestTask.java:128) ~[junit-platform-engine-1.11.3.jar:1.11.3]
	at org.junit.platform.engine.support.hierarchical.ThrowableCollector.execute(ThrowableCollector.java:73) ~[junit-platform-engine-1.11.3.jar:1.11.3]
	at org.junit.platform.engine.support.hierarchical.NodeTestTask.prepare(NodeTestTask.java:128) ~[junit-platform-engine-1.11.3.jar:1.11.3]
	at org.junit.platform.engine.support.hierarchical.NodeTestTask.execute(NodeTestTask.java:95) ~[junit-platform-engine-1.11.3.jar:1.11.3]
	at java.base/java.util.ArrayList.forEach(ArrayList.java:1511) ~[na:na]
	at org.junit.platform.engine.support.hierarchical.SameThreadHierarchicalTestExecutorService.invokeAll(SameThreadHierarchicalTestExecutorService.java:41) ~[junit-platform-engine-1.11.3.jar:1.11.3]
	at org.junit.platform.engine.support.hierarchical.NodeTestTask.lambda$executeRecursively$6(NodeTestTask.java:160) ~[junit-platform-engine-1.11.3.jar:1.11.3]
	at org.junit.platform.engine.support.hierarchical.ThrowableCollector.execute(ThrowableCollector.java:73) ~[junit-platform-engine-1.11.3.jar:1.11.3]
	at org.junit.platform.engine.support.hierarchical.NodeTestTask.lambda$executeRecursively$8(NodeTestTask.java:146) ~[junit-platform-engine-1.11.3.jar:1.11.3]
	at org.junit.platform.engine.support.hierarchical.Node.around(Node.java:137) ~[junit-platform-engine-1.11.3.jar:1.11.3]
	at org.junit.platform.engine.support.hierarchical.NodeTestTask.lambda$executeRecursively$9(NodeTestTask.java:144) ~[junit-platform-engine-1.11.3.jar:1.11.3]
	at org.junit.platform.engine.support.hierarchical.ThrowableCollector.execute(ThrowableCollector.java:73) ~[junit-platform-engine-1.11.3.jar:1.11.3]
	at org.junit.platform.engine.support.hierarchical.NodeTestTask.executeRecursively(NodeTestTask.java:143) ~[junit-platform-engine-1.11.3.jar:1.11.3]
	at org.junit.platform.engine.support.hierarchical.NodeTestTask.execute(NodeTestTask.java:100) ~[junit-platform-engine-1.11.3.jar:1.11.3]
	at java.base/java.util.ArrayList.forEach(ArrayList.java:1511) ~[na:na]
	at org.junit.platform.engine.support.hierarchical.SameThreadHierarchicalTestExecutorService.invokeAll(SameThreadHierarchicalTestExecutorService.java:41) ~[junit-platform-engine-1.11.3.jar:1.11.3]
	at org.junit.platform.engine.support.hierarchical.NodeTestTask.lambda$executeRecursively$6(NodeTestTask.java:160) ~[junit-platform-engine-1.11.3.jar:1.11.3]
	at org.junit.platform.engine.support.hierarchical.ThrowableCollector.execute(ThrowableCollector.java:73) ~[junit-platform-engine-1.11.3.jar:1.11.3]
	at org.junit.platform.engine.support.hierarchical.NodeTestTask.lambda$executeRecursively$8(NodeTestTask.java:146) ~[junit-platform-engine-1.11.3.jar:1.11.3]
	at org.junit.platform.engine.support.hierarchical.Node.around(Node.java:137) ~[junit-platform-engine-1.11.3.jar:1.11.3]
	at org.junit.platform.engine.support.hierarchical.NodeTestTask.lambda$executeRecursively$9(NodeTestTask.java:144) ~[junit-platform-engine-1.11.3.jar:1.11.3]
	at org.junit.platform.engine.support.hierarchical.ThrowableCollector.execute(ThrowableCollector.java:73) ~[junit-platform-engine-1.11.3.jar:1.11.3]
	at org.junit.platform.engine.support.hierarchical.NodeTestTask.executeRecursively(NodeTestTask.java:143) ~[junit-platform-engine-1.11.3.jar:1.11.3]
	at org.junit.platform.engine.support.hierarchical.NodeTestTask.execute(NodeTestTask.java:100) ~[junit-platform-engine-1.11.3.jar:1.11.3]
	at org.junit.platform.engine.support.hierarchical.SameThreadHierarchicalTestExecutorService.submit(SameThreadHierarchicalTestExecutorService.java:35) ~[junit-platform-engine-1.11.3.jar:1.11.3]
	at org.junit.platform.engine.support.hierarchical.HierarchicalTestExecutor.execute(HierarchicalTestExecutor.java:57) ~[junit-platform-engine-1.11.3.jar:1.11.3]
	at org.junit.platform.engine.support.hierarchical.HierarchicalTestEngine.execute(HierarchicalTestEngine.java:54) ~[junit-platform-engine-1.11.3.jar:1.11.3]
	at org.junit.platform.launcher.core.EngineExecutionOrchestrator.execute(EngineExecutionOrchestrator.java:198) ~[junit-platform-launcher-1.11.3.jar:1.11.3]
	at org.junit.platform.launcher.core.EngineExecutionOrchestrator.execute(EngineExecutionOrchestrator.java:169) ~[junit-platform-launcher-1.11.3.jar:1.11.3]
	at org.junit.platform.launcher.core.EngineExecutionOrchestrator.execute(EngineExecutionOrchestrator.java:93) ~[junit-platform-launcher-1.11.3.jar:1.11.3]
	at org.junit.platform.launcher.core.EngineExecutionOrchestrator.lambda$execute$0(EngineExecutionOrchestrator.java:58) ~[junit-platform-launcher-1.11.3.jar:1.11.3]
	at org.junit.platform.launcher.core.EngineExecutionOrchestrator.withInterceptedStreams(EngineExecutionOrchestrator.java:141) ~[junit-platform-launcher-1.11.3.jar:1.11.3]
	at org.junit.platform.launcher.core.EngineExecutionOrchestrator.execute(EngineExecutionOrchestrator.java:57) ~[junit-platform-launcher-1.11.3.jar:1.11.3]
	at org.junit.platform.launcher.core.DefaultLauncher.execute(DefaultLauncher.java:103) ~[junit-platform-launcher-1.11.3.jar:1.11.3]
	at org.junit.platform.launcher.core.DefaultLauncher.execute(DefaultLauncher.java:85) ~[junit-platform-launcher-1.11.3.jar:1.11.3]
	at org.junit.platform.launcher.core.DelegatingLauncher.execute(DelegatingLauncher.java:47) ~[junit-platform-launcher-1.11.3.jar:1.11.3]
	at org.gradle.api.internal.tasks.testing.junitplatform.JUnitPlatformTestClassProcessor$CollectAllTestClassesExecutor.processAllTestClasses(JUnitPlatformTestClassProcessor.java:124) ~[na:na]
	at org.gradle.api.internal.tasks.testing.junitplatform.JUnitPlatformTestClassProcessor$CollectAllTestClassesExecutor.access$000(JUnitPlatformTestClassProcessor.java:99) ~[na:na]
	at org.gradle.api.internal.tasks.testing.junitplatform.JUnitPlatformTestClassProcessor.stop(JUnitPlatformTestClassProcessor.java:94) ~[na:na]
	at org.gradle.api.internal.tasks.testing.SuiteTestClassProcessor.stop(SuiteTestClassProcessor.java:63) ~[na:na]
	at java.base/jdk.internal.reflect.NativeMethodAccessorImpl.invoke0(Native Method) ~[na:na]
	at java.base/jdk.internal.reflect.NativeMethodAccessorImpl.invoke(NativeMethodAccessorImpl.java:77) ~[na:na]
	at java.base/jdk.internal.reflect.DelegatingMethodAccessorImpl.invoke(DelegatingMethodAccessorImpl.java:43) ~[na:na]
	at java.base/java.lang.reflect.Method.invoke(Method.java:569) ~[na:na]
	at org.gradle.internal.dispatch.ReflectionDispatch.dispatch(ReflectionDispatch.java:36) ~[na:na]
	at org.gradle.internal.dispatch.ReflectionDispatch.dispatch(ReflectionDispatch.java:24) ~[na:na]
	at org.gradle.internal.dispatch.ContextClassLoaderDispatch.dispatch(ContextClassLoaderDispatch.java:33) ~[na:na]
	at org.gradle.internal.dispatch.ProxyDispatchAdapter$DispatchingInvocationHandler.invoke(ProxyDispatchAdapter.java:92) ~[na:na]
	at jdk.proxy1/jdk.proxy1.$Proxy4.stop(Unknown Source) ~[na:na]
	at org.gradle.api.internal.tasks.testing.worker.TestWorker$3.run(TestWorker.java:200) ~[na:na]
	at org.gradle.api.internal.tasks.testing.worker.TestWorker.executeAndMaintainThreadName(TestWorker.java:132) ~[na:na]
	at org.gradle.api.internal.tasks.testing.worker.TestWorker.execute(TestWorker.java:103) ~[na:na]
	at org.gradle.api.internal.tasks.testing.worker.TestWorker.execute(TestWorker.java:63) ~[na:na]
	at org.gradle.process.internal.worker.child.ActionExecutionWorker.execute(ActionExecutionWorker.java:56) ~[na:na]
	at org.gradle.process.internal.worker.child.SystemApplicationClassLoaderWorker.call(SystemApplicationClassLoaderWorker.java:121) ~[na:na]
	at org.gradle.process.internal.worker.child.SystemApplicationClassLoaderWorker.call(SystemApplicationClassLoaderWorker.java:71) ~[na:na]
	at worker.org.gradle.process.internal.worker.GradleWorkerMain.run(GradleWorkerMain.java:69) ~[gradle-worker.jar:na]
	at worker.org.gradle.process.internal.worker.GradleWorkerMain.main(GradleWorkerMain.java:74) ~[gradle-worker.jar:na]
Caused by: java.sql.SQLSyntaxErrorException: Incorrect column specifier for column 'id'
	at com.mysql.cj.jdbc.exceptions.SQLError.createSQLException(SQLError.java:112) ~[mysql-connector-j-9.1.0.jar:9.1.0]
	at com.mysql.cj.jdbc.exceptions.SQLExceptionsMapping.translateException(SQLExceptionsMapping.java:114) ~[mysql-connector-j-9.1.0.jar:9.1.0]
	at com.mysql.cj.jdbc.StatementImpl.executeInternal(StatementImpl.java:837) ~[mysql-connector-j-9.1.0.jar:9.1.0]
	at com.mysql.cj.jdbc.StatementImpl.execute(StatementImpl.java:685) ~[mysql-connector-j-9.1.0.jar:9.1.0]
	at com.zaxxer.hikari.pool.ProxyStatement.execute(ProxyStatement.java:94) ~[HikariCP-5.1.0.jar:na]
	at com.zaxxer.hikari.pool.HikariProxyStatement.execute(HikariProxyStatement.java) ~[HikariCP-5.1.0.jar:na]
	at org.hibernate.tool.schema.internal.exec.GenerationTargetToDatabase.accept(GenerationTargetToDatabase.java:80) ~[hibernate-core-6.6.2.Final.jar:6.6.2.Final]
	... 131 common frames omitted

2025-02-05T01:47:00.169+09:00  INFO 29058 --- [MainP_Back] [    Test worker] j.LocalContainerEntityManagerFactoryBean : Initialized JPA EntityManagerFactory for persistence unit 'default'
2025-02-05T01:47:00.172+09:00 DEBUG 29058 --- [MainP_Back] [    Test worker] o.s.b.f.s.DefaultListableBeanFactory     : Creating shared instance of singleton bean 'mainPBackApplication'
2025-02-05T01:47:00.173+09:00 DEBUG 29058 --- [MainP_Back] [    Test worker] o.s.b.f.s.DefaultListableBeanFactory     : Creating shared instance of singleton bean 'boardController'
2025-02-05T01:47:00.183+09:00 DEBUG 29058 --- [MainP_Back] [    Test worker] o.s.b.f.s.DefaultListableBeanFactory     : Creating shared instance of singleton bean 'boardService'
2025-02-05T01:47:00.187+09:00 DEBUG 29058 --- [MainP_Back] [    Test worker] o.s.b.f.s.DefaultListableBeanFactory     : Creating shared instance of singleton bean 'boardRepository'
2025-02-05T01:47:00.195+09:00 DEBUG 29058 --- [MainP_Back] [    Test worker] o.s.b.f.s.DefaultListableBeanFactory     : Creating shared instance of singleton bean 'jpa.named-queries#0'
2025-02-05T01:47:00.201+09:00 DEBUG 29058 --- [MainP_Back] [    Test worker] o.s.b.f.s.DefaultListableBeanFactory     : Creating shared instance of singleton bean 'jpa.BoardRepository.fragments#0'
2025-02-05T01:47:00.206+09:00 DEBUG 29058 --- [MainP_Back] [    Test worker] o.s.b.f.s.DefaultListableBeanFactory     : Creating shared instance of singleton bean 'jpaSharedEM_entityManagerFactory'
2025-02-05T01:47:00.235+09:00 DEBUG 29058 --- [MainP_Back] [    Test worker] o.s.b.f.s.DefaultListableBeanFactory     : Creating shared instance of singleton bean 'jpaMappingContext'
2025-02-05T01:47:00.236+09:00 DEBUG 29058 --- [MainP_Back] [    Test worker] .c.JpaMetamodelMappingContextFactoryBean : Initializing JpaMetamodelMappingContext…
2025-02-05T01:47:00.250+09:00 DEBUG 29058 --- [MainP_Back] [    Test worker] .c.JpaMetamodelMappingContextFactoryBean : Finished initializing JpaMetamodelMappingContext
2025-02-05T01:47:00.273+09:00 DEBUG 29058 --- [MainP_Back] [    Test worker] tor$SharedEntityManagerInvocationHandler : Creating new EntityManager for shared EntityManager invocation
2025-02-05T01:47:00.312+09:00 DEBUG 29058 --- [MainP_Back] [    Test worker] tor$SharedEntityManagerInvocationHandler : Creating new EntityManager for shared EntityManager invocation
2025-02-05T01:47:00.370+09:00 DEBUG 29058 --- [MainP_Back] [    Test worker] o.s.d.r.c.s.RepositoryFactorySupport     : Initializing repository instance for org.com.board.repository.BoardRepository…
2025-02-05T01:47:00.384+09:00 DEBUG 29058 --- [MainP_Back] [    Test worker] tor$SharedEntityManagerInvocationHandler : Creating new EntityManager for shared EntityManager invocation
2025-02-05T01:47:00.412+09:00 DEBUG 29058 --- [MainP_Back] [    Test worker] o.s.d.r.c.s.RepositoryFactorySupport     : Finished creation of repository instance for org.com.board.repository.BoardRepository.
2025-02-05T01:47:00.414+09:00 DEBUG 29058 --- [MainP_Back] [    Test worker] o.s.b.f.s.DefaultListableBeanFactory     : Creating shared instance of singleton bean 'userRepository'
2025-02-05T01:47:00.415+09:00 DEBUG 29058 --- [MainP_Back] [    Test worker] o.s.b.f.s.DefaultListableBeanFactory     : Creating shared instance of singleton bean 'jpa.named-queries#5'
2025-02-05T01:47:00.417+09:00 DEBUG 29058 --- [MainP_Back] [    Test worker] o.s.b.f.s.DefaultListableBeanFactory     : Creating shared instance of singleton bean 'jpa.UserRepository.fragments#0'
2025-02-05T01:47:00.418+09:00 DEBUG 29058 --- [MainP_Back] [    Test worker] tor$SharedEntityManagerInvocationHandler : Creating new EntityManager for shared EntityManager invocation
2025-02-05T01:47:00.419+09:00 DEBUG 29058 --- [MainP_Back] [    Test worker] o.s.d.r.c.s.RepositoryFactorySupport     : Initializing repository instance for org.com.user.repository.UserRepository…
2025-02-05T01:47:00.419+09:00 DEBUG 29058 --- [MainP_Back] [    Test worker] tor$SharedEntityManagerInvocationHandler : Creating new EntityManager for shared EntityManager invocation
2025-02-05T01:47:00.446+09:00 DEBUG 29058 --- [MainP_Back] [    Test worker] o.s.d.jpa.repository.query.NamedQuery    : Looking up named query User.findByRole
2025-02-05T01:47:00.448+09:00 DEBUG 29058 --- [MainP_Back] [    Test worker] o.s.d.jpa.repository.query.NamedQuery    : Did not find named query User.findByRole
2025-02-05T01:47:00.451+09:00 DEBUG 29058 --- [MainP_Back] [    Test worker] tor$SharedEntityManagerInvocationHandler : Creating new EntityManager for shared EntityManager invocation
2025-02-05T01:47:00.503+09:00 DEBUG 29058 --- [MainP_Back] [    Test worker] o.s.d.jpa.repository.query.NamedQuery    : Looking up named query User.existsByUsername
2025-02-05T01:47:00.503+09:00 DEBUG 29058 --- [MainP_Back] [    Test worker] o.s.d.jpa.repository.query.NamedQuery    : Did not find named query User.existsByUsername
2025-02-05T01:47:00.503+09:00 DEBUG 29058 --- [MainP_Back] [    Test worker] tor$SharedEntityManagerInvocationHandler : Creating new EntityManager for shared EntityManager invocation
2025-02-05T01:47:00.507+09:00 DEBUG 29058 --- [MainP_Back] [    Test worker] o.s.d.jpa.repository.query.NamedQuery    : Looking up named query User.findByUsername
2025-02-05T01:47:00.508+09:00 DEBUG 29058 --- [MainP_Back] [    Test worker] o.s.d.jpa.repository.query.NamedQuery    : Did not find named query User.findByUsername
2025-02-05T01:47:00.508+09:00 DEBUG 29058 --- [MainP_Back] [    Test worker] tor$SharedEntityManagerInvocationHandler : Creating new EntityManager for shared EntityManager invocation
2025-02-05T01:47:00.509+09:00 DEBUG 29058 --- [MainP_Back] [    Test worker] o.s.d.jpa.repository.query.NamedQuery    : Looking up named query User.existsByEmail
2025-02-05T01:47:00.510+09:00 DEBUG 29058 --- [MainP_Back] [    Test worker] o.s.d.jpa.repository.query.NamedQuery    : Did not find named query User.existsByEmail
2025-02-05T01:47:00.510+09:00 DEBUG 29058 --- [MainP_Back] [    Test worker] tor$SharedEntityManagerInvocationHandler : Creating new EntityManager for shared EntityManager invocation
2025-02-05T01:47:00.514+09:00 DEBUG 29058 --- [MainP_Back] [    Test worker] o.s.d.jpa.repository.query.NamedQuery    : Did not find named query User.findUsersByCriteria.count
2025-02-05T01:47:00.514+09:00 DEBUG 29058 --- [MainP_Back] [    Test worker] tor$SharedEntityManagerInvocationHandler : Creating new EntityManager for shared EntityManager invocation
2025-02-05T01:47:00.528+09:00  INFO 29058 --- [MainP_Back] [    Test worker] o.s.d.j.r.query.QueryEnhancerFactory     : Hibernate is in classpath; If applicable, HQL parser will be used.
2025-02-05T01:47:01.250+09:00 DEBUG 29058 --- [MainP_Back] [    Test worker] o.s.d.jpa.repository.query.NamedQuery    : Looking up named query User.findByEmail
2025-02-05T01:47:01.250+09:00 DEBUG 29058 --- [MainP_Back] [    Test worker] o.s.d.jpa.repository.query.NamedQuery    : Did not find named query User.findByEmail
2025-02-05T01:47:01.251+09:00 DEBUG 29058 --- [MainP_Back] [    Test worker] tor$SharedEntityManagerInvocationHandler : Creating new EntityManager for shared EntityManager invocation
2025-02-05T01:47:01.254+09:00 DEBUG 29058 --- [MainP_Back] [    Test worker] o.s.d.r.c.s.RepositoryFactorySupport     : Finished creation of repository instance for org.com.user.repository.UserRepository.
2025-02-05T01:47:01.255+09:00 DEBUG 29058 --- [MainP_Back] [    Test worker] o.s.b.f.s.DefaultListableBeanFactory     : Creating shared instance of singleton bean 'boardUpdateHistoryRepository'
2025-02-05T01:47:01.257+09:00 DEBUG 29058 --- [MainP_Back] [    Test worker] o.s.b.f.s.DefaultListableBeanFactory     : Creating shared instance of singleton bean 'jpa.named-queries#6'
2025-02-05T01:47:01.258+09:00 DEBUG 29058 --- [MainP_Back] [    Test worker] o.s.b.f.s.DefaultListableBeanFactory     : Creating shared instance of singleton bean 'jpa.BoardUpdateHistoryRepository.fragments#0'
2025-02-05T01:47:01.259+09:00 DEBUG 29058 --- [MainP_Back] [    Test worker] tor$SharedEntityManagerInvocationHandler : Creating new EntityManager for shared EntityManager invocation
2025-02-05T01:47:01.263+09:00 DEBUG 29058 --- [MainP_Back] [    Test worker] o.s.d.r.c.s.RepositoryFactorySupport     : Initializing repository instance for org.com.board.repository.BoardUpdateHistoryRepository…
2025-02-05T01:47:01.263+09:00 DEBUG 29058 --- [MainP_Back] [    Test worker] tor$SharedEntityManagerInvocationHandler : Creating new EntityManager for shared EntityManager invocation
2025-02-05T01:47:01.266+09:00 DEBUG 29058 --- [MainP_Back] [    Test worker] o.s.d.jpa.repository.query.NamedQuery    : Looking up named query BoardUpdateHistory.findByBoardId
2025-02-05T01:47:01.267+09:00 DEBUG 29058 --- [MainP_Back] [    Test worker] o.s.d.jpa.repository.query.NamedQuery    : Did not find named query BoardUpdateHistory.findByBoardId
2025-02-05T01:47:01.267+09:00 DEBUG 29058 --- [MainP_Back] [    Test worker] tor$SharedEntityManagerInvocationHandler : Creating new EntityManager for shared EntityManager invocation
2025-02-05T01:47:01.270+09:00 DEBUG 29058 --- [MainP_Back] [    Test worker] o.s.d.r.c.s.RepositoryFactorySupport     : Finished creation of repository instance for org.com.board.repository.BoardUpdateHistoryRepository.
2025-02-05T01:47:01.271+09:00 DEBUG 29058 --- [MainP_Back] [    Test worker] o.s.b.f.s.DefaultListableBeanFactory     : Autowiring by type from bean name 'boardService' via constructor to bean named 'boardRepository'
2025-02-05T01:47:01.272+09:00 DEBUG 29058 --- [MainP_Back] [    Test worker] o.s.b.f.s.DefaultListableBeanFactory     : Autowiring by type from bean name 'boardService' via constructor to bean named 'userRepository'
2025-02-05T01:47:01.272+09:00 DEBUG 29058 --- [MainP_Back] [    Test worker] o.s.b.f.s.DefaultListableBeanFactory     : Autowiring by type from bean name 'boardService' via constructor to bean named 'boardUpdateHistoryRepository'
2025-02-05T01:47:01.302+09:00 DEBUG 29058 --- [MainP_Back] [    Test worker] o.s.b.f.s.DefaultListableBeanFactory     : Creating shared instance of singleton bean 's3Service'
2025-02-05T01:47:01.303+09:00 DEBUG 29058 --- [MainP_Back] [    Test worker] ySourcesPropertyResolver$DefaultResolver : Found key 'cloud.aws.credentials.accessKey' in PropertySource 'Config resource 'class path resource [application.properties]' via location 'optional:classpath:/'' with value of type String
2025-02-05T01:47:01.303+09:00 DEBUG 29058 --- [MainP_Back] [    Test worker] o.s.c.e.PropertySourcesPropertyResolver  : Found key 'cloud.aws.credentials.accessKey' in PropertySource 'environmentProperties' with value of type String
2025-02-05T01:47:01.303+09:00 DEBUG 29058 --- [MainP_Back] [    Test worker] ySourcesPropertyResolver$DefaultResolver : Found key 'cloud.aws.credentials.secretKey' in PropertySource 'Config resource 'class path resource [application.properties]' via location 'optional:classpath:/'' with value of type String
2025-02-05T01:47:01.303+09:00 DEBUG 29058 --- [MainP_Back] [    Test worker] o.s.c.e.PropertySourcesPropertyResolver  : Found key 'cloud.aws.credentials.secretKey' in PropertySource 'environmentProperties' with value of type String
2025-02-05T01:47:01.304+09:00 DEBUG 29058 --- [MainP_Back] [    Test worker] o.s.c.e.PropertySourcesPropertyResolver  : Found key 'cloud.aws.region.static' in PropertySource 'environmentProperties' with value of type String
2025-02-05T01:47:01.745+09:00 DEBUG 29058 --- [MainP_Back] [    Test worker] ySourcesPropertyResolver$DefaultResolver : Found key 'cloud.aws.s3.bucketName' in PropertySource 'Config resource 'class path resource [application.properties]' via location 'optional:classpath:/'' with value of type String
2025-02-05T01:47:01.745+09:00 DEBUG 29058 --- [MainP_Back] [    Test worker] o.s.c.e.PropertySourcesPropertyResolver  : Found key 'cloud.aws.s3.bucketName' in PropertySource 'environmentProperties' with value of type String
2025-02-05T01:47:01.746+09:00 DEBUG 29058 --- [MainP_Back] [    Test worker] o.s.b.f.s.DefaultListableBeanFactory     : Creating shared instance of singleton bean 'boardUpdateHistoryService'
2025-02-05T01:47:01.747+09:00 DEBUG 29058 --- [MainP_Back] [    Test worker] o.s.b.f.s.DefaultListableBeanFactory     : Autowiring by type from bean name 'boardUpdateHistoryService' via constructor to bean named 'boardUpdateHistoryRepository'
2025-02-05T01:47:01.747+09:00 DEBUG 29058 --- [MainP_Back] [    Test worker] o.s.b.f.s.DefaultListableBeanFactory     : Autowiring by type from bean name 'boardController' via constructor to bean named 'boardService'
2025-02-05T01:47:01.747+09:00 DEBUG 29058 --- [MainP_Back] [    Test worker] o.s.b.f.s.DefaultListableBeanFactory     : Autowiring by type from bean name 'boardController' via constructor to bean named 's3Service'
2025-02-05T01:47:01.747+09:00 DEBUG 29058 --- [MainP_Back] [    Test worker] o.s.b.f.s.DefaultListableBeanFactory     : Autowiring by type from bean name 'boardController' via constructor to bean named 'boardUpdateHistoryService'
2025-02-05T01:47:01.758+09:00 DEBUG 29058 --- [MainP_Back] [    Test worker] o.s.b.f.s.DefaultListableBeanFactory     : Creating shared instance of singleton bean 'carController'
2025-02-05T01:47:01.764+09:00 DEBUG 29058 --- [MainP_Back] [    Test worker] o.s.b.f.s.DefaultListableBeanFactory     : Creating shared instance of singleton bean 'carService'
2025-02-05T01:47:01.765+09:00 DEBUG 29058 --- [MainP_Back] [    Test worker] o.s.b.f.s.DefaultListableBeanFactory     : Creating shared instance of singleton bean 'carRepository'
2025-02-05T01:47:01.766+09:00 DEBUG 29058 --- [MainP_Back] [    Test worker] o.s.b.f.s.DefaultListableBeanFactory     : Creating shared instance of singleton bean 'jpa.named-queries#7'
2025-02-05T01:47:01.767+09:00 DEBUG 29058 --- [MainP_Back] [    Test worker] o.s.b.f.s.DefaultListableBeanFactory     : Creating shared instance of singleton bean 'jpa.CarRepository.fragments#0'
2025-02-05T01:47:01.768+09:00 DEBUG 29058 --- [MainP_Back] [    Test worker] tor$SharedEntityManagerInvocationHandler : Creating new EntityManager for shared EntityManager invocation
2025-02-05T01:47:01.791+09:00 DEBUG 29058 --- [MainP_Back] [    Test worker] o.s.d.r.c.s.RepositoryFactorySupport     : Initializing repository instance for org.com.cars.repository.CarRepository…
2025-02-05T01:47:01.792+09:00 DEBUG 29058 --- [MainP_Back] [    Test worker] tor$SharedEntityManagerInvocationHandler : Creating new EntityManager for shared EntityManager invocation
2025-02-05T01:47:01.794+09:00 DEBUG 29058 --- [MainP_Back] [    Test worker] o.s.d.jpa.repository.query.NamedQuery    : Looking up named query Car.findBySellerId
2025-02-05T01:47:01.795+09:00 DEBUG 29058 --- [MainP_Back] [    Test worker] o.s.d.jpa.repository.query.NamedQuery    : Did not find named query Car.findBySellerId
2025-02-05T01:47:01.795+09:00 DEBUG 29058 --- [MainP_Back] [    Test worker] tor$SharedEntityManagerInvocationHandler : Creating new EntityManager for shared EntityManager invocation
2025-02-05T01:47:01.796+09:00 DEBUG 29058 --- [MainP_Back] [    Test worker] o.s.d.jpa.repository.query.NamedQuery    : Looking up named query Car.findByStatus
2025-02-05T01:47:01.797+09:00 DEBUG 29058 --- [MainP_Back] [    Test worker] o.s.d.jpa.repository.query.NamedQuery    : Did not find named query Car.findByStatus
2025-02-05T01:47:01.797+09:00 DEBUG 29058 --- [MainP_Back] [    Test worker] tor$SharedEntityManagerInvocationHandler : Creating new EntityManager for shared EntityManager invocation
2025-02-05T01:47:01.801+09:00 DEBUG 29058 --- [MainP_Back] [    Test worker] o.s.d.r.c.s.RepositoryFactorySupport     : Finished creation of repository instance for org.com.cars.repository.CarRepository.
2025-02-05T01:47:01.802+09:00 DEBUG 29058 --- [MainP_Back] [    Test worker] o.s.b.f.s.DefaultListableBeanFactory     : Autowiring by type from bean name 'carService' via constructor to bean named 'carRepository'
2025-02-05T01:47:01.803+09:00 DEBUG 29058 --- [MainP_Back] [    Test worker] o.s.b.f.s.DefaultListableBeanFactory     : Autowiring by type from bean name 'carController' via constructor to bean named 'carService'
2025-02-05T01:47:01.803+09:00 DEBUG 29058 --- [MainP_Back] [    Test worker] o.s.b.f.s.DefaultListableBeanFactory     : Autowiring by type from bean name 'carController' via constructor to bean named 's3Service'
2025-02-05T01:47:01.803+09:00 DEBUG 29058 --- [MainP_Back] [    Test worker] o.s.b.f.s.DefaultListableBeanFactory     : Creating shared instance of singleton bean 'carDetailsController'
2025-02-05T01:47:01.804+09:00 DEBUG 29058 --- [MainP_Back] [    Test worker] o.s.b.f.s.DefaultListableBeanFactory     : Creating shared instance of singleton bean 'carDetailsRepository'
2025-02-05T01:47:01.805+09:00 DEBUG 29058 --- [MainP_Back] [    Test worker] o.s.b.f.s.DefaultListableBeanFactory     : Creating shared instance of singleton bean 'jpa.named-queries#2'
2025-02-05T01:47:01.806+09:00 DEBUG 29058 --- [MainP_Back] [    Test worker] o.s.b.f.s.DefaultListableBeanFactory     : Creating shared instance of singleton bean 'jpa.CarDetailsRepository.fragments#0'
2025-02-05T01:47:01.807+09:00 DEBUG 29058 --- [MainP_Back] [    Test worker] tor$SharedEntityManagerInvocationHandler : Creating new EntityManager for shared EntityManager invocation
2025-02-05T01:47:01.810+09:00 DEBUG 29058 --- [MainP_Back] [    Test worker] o.s.d.r.c.s.RepositoryFactorySupport     : Initializing repository instance for org.com.checkinformation.repository.CarDetailsRepository…
2025-02-05T01:47:01.810+09:00 DEBUG 29058 --- [MainP_Back] [    Test worker] tor$SharedEntityManagerInvocationHandler : Creating new EntityManager for shared EntityManager invocation
2025-02-05T01:47:01.812+09:00 DEBUG 29058 --- [MainP_Back] [    Test worker] o.s.d.jpa.repository.query.NamedQuery    : Looking up named query CarDetails.findByCarNumber
2025-02-05T01:47:01.813+09:00 DEBUG 29058 --- [MainP_Back] [    Test worker] o.s.d.jpa.repository.query.NamedQuery    : Did not find named query CarDetails.findByCarNumber
2025-02-05T01:47:01.813+09:00 DEBUG 29058 --- [MainP_Back] [    Test worker] tor$SharedEntityManagerInvocationHandler : Creating new EntityManager for shared EntityManager invocation
2025-02-05T01:47:01.814+09:00 DEBUG 29058 --- [MainP_Back] [    Test worker] o.s.d.jpa.repository.query.NamedQuery    : Looking up named query CarDetails.findByCarNumberAndOwnerName
2025-02-05T01:47:01.815+09:00 DEBUG 29058 --- [MainP_Back] [    Test worker] o.s.d.jpa.repository.query.NamedQuery    : Did not find named query CarDetails.findByCarNumberAndOwnerName
2025-02-05T01:47:01.815+09:00 DEBUG 29058 --- [MainP_Back] [    Test worker] tor$SharedEntityManagerInvocationHandler : Creating new EntityManager for shared EntityManager invocation
2025-02-05T01:47:01.818+09:00 DEBUG 29058 --- [MainP_Back] [    Test worker] o.s.d.r.c.s.RepositoryFactorySupport     : Finished creation of repository instance for org.com.checkinformation.repository.CarDetailsRepository.
2025-02-05T01:47:01.819+09:00 DEBUG 29058 --- [MainP_Back] [    Test worker] o.s.b.f.s.DefaultListableBeanFactory     : Creating shared instance of singleton bean 'carDetailsService'
2025-02-05T01:47:01.820+09:00 DEBUG 29058 --- [MainP_Back] [    Test worker] o.s.b.f.s.DefaultListableBeanFactory     : Creating shared instance of singleton bean 'jwtUtil'
2025-02-05T01:47:01.821+09:00 DEBUG 29058 --- [MainP_Back] [    Test worker] o.s.b.f.s.DefaultListableBeanFactory     : Creating shared instance of singleton bean 'jacksonConfig'
2025-02-05T01:47:01.822+09:00 DEBUG 29058 --- [MainP_Back] [    Test worker] o.s.b.f.s.DefaultListableBeanFactory     : Creating shared instance of singleton bean 'securityConfig'
2025-02-05T01:47:01.822+09:00 DEBUG 29058 --- [MainP_Back] [    Test worker] o.s.b.f.s.DefaultListableBeanFactory     : Creating shared instance of singleton bean 'customUserDetailsService'
2025-02-05T01:47:01.823+09:00 DEBUG 29058 --- [MainP_Back] [    Test worker] o.s.b.f.s.DefaultListableBeanFactory     : Autowiring by type from bean name 'securityConfig' via constructor to bean named 'customUserDetailsService'
2025-02-05T01:47:01.824+09:00 DEBUG 29058 --- [MainP_Back] [    Test worker] o.s.b.f.s.DefaultListableBeanFactory     : Creating shared instance of singleton bean 'webConfig'
2025-02-05T01:47:01.825+09:00 DEBUG 29058 --- [MainP_Back] [    Test worker] o.s.b.f.s.DefaultListableBeanFactory     : Creating shared instance of singleton bean 'globalExceptionHandler'
2025-02-05T01:47:01.828+09:00 DEBUG 29058 --- [MainP_Back] [    Test worker] o.s.b.f.s.DefaultListableBeanFactory     : Creating shared instance of singleton bean 'mapController'
2025-02-05T01:47:01.829+09:00 DEBUG 29058 --- [MainP_Back] [    Test worker] o.s.b.f.s.DefaultListableBeanFactory     : Creating shared instance of singleton bean 'mapService'
2025-02-05T01:47:01.830+09:00 DEBUG 29058 --- [MainP_Back] [    Test worker] o.s.b.f.s.DefaultListableBeanFactory     : Creating shared instance of singleton bean 'mapRepository'
2025-02-05T01:47:01.832+09:00 DEBUG 29058 --- [MainP_Back] [    Test worker] o.s.b.f.s.DefaultListableBeanFactory     : Creating shared instance of singleton bean 'jpa.named-queries#1'
2025-02-05T01:47:01.834+09:00 DEBUG 29058 --- [MainP_Back] [    Test worker] o.s.b.f.s.DefaultListableBeanFactory     : Creating shared instance of singleton bean 'jpa.MapRepository.fragments#0'
2025-02-05T01:47:01.836+09:00 DEBUG 29058 --- [MainP_Back] [    Test worker] tor$SharedEntityManagerInvocationHandler : Creating new EntityManager for shared EntityManager invocation
2025-02-05T01:47:01.842+09:00 DEBUG 29058 --- [MainP_Back] [    Test worker] o.s.d.r.c.s.RepositoryFactorySupport     : Initializing repository instance for org.com.map.MapRepository…
2025-02-05T01:47:01.843+09:00 DEBUG 29058 --- [MainP_Back] [    Test worker] tor$SharedEntityManagerInvocationHandler : Creating new EntityManager for shared EntityManager invocation
2025-02-05T01:47:01.847+09:00 DEBUG 29058 --- [MainP_Back] [    Test worker] o.s.d.r.c.s.RepositoryFactorySupport     : Finished creation of repository instance for org.com.map.MapRepository.
2025-02-05T01:47:01.848+09:00 DEBUG 29058 --- [MainP_Back] [    Test worker] o.s.b.f.s.DefaultListableBeanFactory     : Autowiring by type from bean name 'mapService' via constructor to bean named 'mapRepository'
2025-02-05T01:47:01.848+09:00 DEBUG 29058 --- [MainP_Back] [    Test worker] o.s.b.f.s.DefaultListableBeanFactory     : Autowiring by type from bean name 'mapController' via constructor to bean named 'mapService'
2025-02-05T01:47:01.848+09:00 DEBUG 29058 --- [MainP_Back] [    Test worker] o.s.b.f.s.DefaultListableBeanFactory     : Creating shared instance of singleton bean 'paymentController'
2025-02-05T01:47:01.849+09:00 DEBUG 29058 --- [MainP_Back] [    Test worker] o.s.b.f.s.DefaultListableBeanFactory     : Creating shared instance of singleton bean 'paymentService'
2025-02-05T01:47:01.850+09:00 DEBUG 29058 --- [MainP_Back] [    Test worker] o.s.b.f.s.DefaultListableBeanFactory     : Creating shared instance of singleton bean 'paymentRepository'
2025-02-05T01:47:01.851+09:00 DEBUG 29058 --- [MainP_Back] [    Test worker] o.s.b.f.s.DefaultListableBeanFactory     : Creating shared instance of singleton bean 'jpa.named-queries#4'
2025-02-05T01:47:01.852+09:00 DEBUG 29058 --- [MainP_Back] [    Test worker] o.s.b.f.s.DefaultListableBeanFactory     : Creating shared instance of singleton bean 'jpa.PaymentRepository.fragments#0'
2025-02-05T01:47:01.853+09:00 DEBUG 29058 --- [MainP_Back] [    Test worker] tor$SharedEntityManagerInvocationHandler : Creating new EntityManager for shared EntityManager invocation
2025-02-05T01:47:01.855+09:00 DEBUG 29058 --- [MainP_Back] [    Test worker] o.s.d.r.c.s.RepositoryFactorySupport     : Initializing repository instance for org.com.toss.repository.PaymentRepository…
2025-02-05T01:47:01.856+09:00 DEBUG 29058 --- [MainP_Back] [    Test worker] tor$SharedEntityManagerInvocationHandler : Creating new EntityManager for shared EntityManager invocation
2025-02-05T01:47:01.859+09:00 DEBUG 29058 --- [MainP_Back] [    Test worker] o.s.d.jpa.repository.query.NamedQuery    : Did not find named query PaymentEntity.findDistinctOrderIdsWithData.count
2025-02-05T01:47:01.859+09:00 DEBUG 29058 --- [MainP_Back] [    Test worker] tor$SharedEntityManagerInvocationHandler : Creating new EntityManager for shared EntityManager invocation
2025-02-05T01:47:01.820+09:00 DEBUG 29058 --- [MainP_Back] [    Test worker] o.s.d.r.c.s.RepositoryFactorySupport     : Finished creation of repository instance for org.com.toss.repository.PaymentRepository.
2025-02-05T01:47:01.822+09:00 DEBUG 29058 --- [MainP_Back] [    Test worker] o.s.b.f.s.DefaultListableBeanFactory     : Creating shared instance of singleton bean 'authenticationController'
2025-02-05T01:47:01.827+09:00 DEBUG 29058 --- [MainP_Back] [    Test worker] o.s.b.f.s.DefaultListableBeanFactory     : Creating shared instance of singleton bean 'authenticationManager'
2025-02-05T01:47:01.829+09:00 DEBUG 29058 --- [MainP_Back] [    Test worker] o.s.b.f.s.DefaultListableBeanFactory     : Creating shared instance of singleton bean 'org.springframework.security.config.annotation.web.configuration.HttpSecurityConfiguration'
2025-02-05T01:47:01.833+09:00 DEBUG 29058 --- [MainP_Back] [    Test worker] o.s.b.f.s.DefaultListableBeanFactory     : Creating shared instance of singleton bean 'objectPostProcessor'
2025-02-05T01:47:01.834+09:00 DEBUG 29058 --- [MainP_Back] [    Test worker] o.s.b.f.s.DefaultListableBeanFactory     : Creating shared instance of singleton bean 'org.springframework.security.config.annotation.configuration.ObjectPostProcessorConfiguration'
2025-02-05T01:47:01.835+09:00 DEBUG 29058 --- [MainP_Back] [    Test worker] o.s.b.f.s.DefaultListableBeanFactory     : Autowiring by type from bean name 'objectPostProcessor' via factory method to bean named 'org.springframework.beans.factory.support.DefaultListableBeanFactory@7f829c76'
2025-02-05T01:47:01.837+09:00 DEBUG 29058 --- [MainP_Back] [    Test worker] o.s.b.f.s.DefaultListableBeanFactory     : Creating shared instance of singleton bean 'org.springframework.security.config.annotation.authentication.configuration.AuthenticationConfiguration'
2025-02-05T01:47:01.839+09:00 DEBUG 29058 --- [MainP_Back] [    Test worker] o.s.b.f.s.DefaultListableBeanFactory     : Creating shared instance of singleton bean 'enableGlobalAuthenticationAutowiredConfigurer'
2025-02-05T01:47:01.840+09:00 DEBUG 29058 --- [MainP_Back] [    Test worker] o.s.b.f.s.DefaultListableBeanFactory     : Autowiring by type from bean name 'enableGlobalAuthenticationAutowiredConfigurer' via factory method to bean named 'org.springframework.web.context.support.GenericWebApplicationContext@48ea2003'
2025-02-05T01:47:01.841+09:00 DEBUG 29058 --- [MainP_Back] [    Test worker] o.s.b.f.s.DefaultListableBeanFactory     : Creating shared instance of singleton bean 'initializeUserDetailsBeanManagerConfigurer'
[...]

   SpringDocConfiguration.SpringDocWebFluxSupportConfiguration:
      Did not match:
         - @ConditionalOnClass did not find required class 'reactor.core.publisher.Flux' (OnClassCondition)

   SpringDocDataRestConfiguration:
      Did not match:
         - @ConditionalOnClass did not find required class 'org.springframework.data.rest.core.config.RepositoryRestConfiguration' (OnClassCondition)

   SpringDocFunctionCatalogConfiguration:
      Did not match:
         - @ConditionalOnClass did not find required class 'org.springframework.cloud.function.web.function.FunctionEndpointInitializer' (OnClassCondition)

   SpringDocGroovyConfiguration:
      Did not match:
         - @ConditionalOnClass did not find required class 'groovy.lang.MetaClass' (OnClassCondition)

   SpringDocHateoasConfiguration:
      Did not match:
         - @ConditionalOnClass did not find required class 'org.springframework.hateoas.server.LinkRelationProvider' (OnClassCondition)

   SpringDocJacksonKotlinModuleConfiguration:
      Did not match:
         - @ConditionalOnClass did not find required class 'com.fasterxml.jackson.module.kotlin.KotlinModule' (OnClassCondition)

   SpringDocJavadocConfiguration:
      Did not match:
         - @ConditionalOnClass did not find required class 'com.github.therapi.runtimejavadoc.CommentFormatter' (OnClassCondition)

   SpringDocKotlinConfiguration:
      Did not match:
         - @ConditionalOnClass did not find required class 'kotlin.coroutines.Continuation' (OnClassCondition)

   SpringDocKotlinxConfiguration:
      Did not match:
         - @ConditionalOnClass did not find required class 'kotlinx.coroutines.flow.Flow' (OnClassCondition)

   SpringDocSecurityConfiguration.SpringDocSecurityOAuth2ClientConfiguration:
      Did not match:
         - @ConditionalOnClass did not find required class 'org.springframework.security.oauth2.client.annotation.RegisteredOAuth2AuthorizedClient' (OnClassCondition)

   SpringDocSecurityConfiguration.SpringDocSecurityOAuth2Configuration:
      Did not match:
         - @ConditionalOnClass did not find required class 'org.springframework.security.oauth2.server.authorization.OAuth2AuthorizationService' (OnClassCondition)

   SpringDocSecurityConfiguration.SpringSecurityLoginEndpointConfiguration#springSecurityLoginEndpointCustomizer:
      Did not match:
         - @ConditionalOnProperty (springdoc.show-login-endpoint) did not find property 'springdoc.show-login-endpoint' (OnPropertyCondition)

   SpringDocSortConfiguration#dataRestDelegatingMethodParameterCustomizer:
      Did not match:
         - @ConditionalOnMissingBean (types: org.springdoc.core.customizers.DataRestDelegatingMethodParameterCustomizer; SearchStrategy: all) found beans of type 'org.springdoc.core.customizers.DataRestDelegatingMethodParameterCustomizer' dataRestDelegatingMethodParameterCustomizer (OnBeanCondition)

   SpringDocWebMvcConfiguration.SpringDocWebMvcActuatorConfiguration:
      Did not match:
         - @ConditionalOnClass did not find required class 'org.springframework.boot.actuate.endpoint.web.servlet.WebMvcEndpointHandlerMapping' (OnClassCondition)

   SwaggerConfig#springWebProvider:
      Did not match:
         - @ConditionalOnMissingBean (types: org.springdoc.core.providers.SpringWebProvider; SearchStrategy: all) found beans of type 'org.springdoc.core.providers.SpringWebProvider' springWebProvider (OnBeanCondition)

   SwaggerConfig#swaggerUiHome:
      Did not match:
         - @ConditionalOnProperty (springdoc.swagger-ui.use-root-path=true) did not find property 'springdoc.swagger-ui.use-root-path' (OnPropertyCondition)

   SwaggerConfig.SwaggerActuatorWelcomeConfiguration:
      Did not match:
         - @ConditionalOnClass did not find required class 'org.springframework.boot.actuate.endpoint.web.servlet.WebMvcEndpointHandlerMapping' (OnClassCondition)

   TaskExecutorConfigurations.SimpleAsyncTaskExecutorBuilderConfiguration#simpleAsyncTaskExecutorBuilderVirtualThreads:
      Did not match:
         - @ConditionalOnMissingBean (types: org.springframework.boot.task.SimpleAsyncTaskExecutorBuilder; SearchStrategy: all) found beans of type 'org.springframework.boot.task.SimpleAsyncTaskExecutorBuilder' simpleAsyncTaskExecutorBuilder (OnBeanCondition)

   TaskExecutorConfigurations.TaskExecutorConfiguration#applicationTaskExecutorVirtualThreads:
      Did not match:
         - @ConditionalOnThreading did not find VIRTUAL (OnThreadingCondition)

   TaskSchedulingAutoConfiguration#scheduledBeanLazyInitializationExcludeFilter:
      Did not match:
         - @ConditionalOnBean (names: org.springframework.context.annotation.internalScheduledAnnotationProcessor; SearchStrategy: all) did not find any beans named org.springframework.context.annotation.internalScheduledAnnotationProcessor (OnBeanCondition)

   TaskSchedulingConfigurations.SimpleAsyncTaskSchedulerBuilderConfiguration#simpleAsyncTaskSchedulerBuilderVirtualThreads:
      Did not match:
         - @ConditionalOnMissingBean (types: org.springframework.boot.task.SimpleAsyncTaskSchedulerBuilder; SearchStrategy: all) found beans of type 'org.springframework.boot.task.SimpleAsyncTaskSchedulerBuilder' simpleAsyncTaskSchedulerBuilder (OnBeanCondition)

   TaskSchedulingConfigurations.TaskSchedulerConfiguration:
      Did not match:
         - @ConditionalOnBean (names: org.springframework.context.annotation.internalScheduledAnnotationProcessor; SearchStrategy: all) did not find any beans named org.springframework.context.annotation.internalScheduledAnnotationProcessor (OnBeanCondition)

   TemplateEngineConfigurations.ReactiveTemplateEngineConfiguration:
      Did not match:
         - did not find reactive web application classes (OnWebApplicationCondition)

   ThymeleafAutoConfiguration.DataAttributeDialectConfiguration:
      Did not match:
         - @ConditionalOnClass did not find required class 'com.github.mxab.thymeleaf.extras.dataattribute.dialect.DataAttributeDialect' (OnClassCondition)

   ThymeleafAutoConfiguration.ThymeleafSecurityDialectConfiguration:
      Did not match:
         - @ConditionalOnClass did not find required class 'org.thymeleaf.extras.springsecurity6.dialect.SpringSecurityDialect' (OnClassCondition)

   ThymeleafAutoConfiguration.ThymeleafWebFluxConfiguration:
      Did not match:
         - did not find reactive web application classes (OnWebApplicationCondition)

   ThymeleafAutoConfiguration.ThymeleafWebLayoutConfiguration:
      Did not match:
         - @ConditionalOnClass did not find required class 'nz.net.ultraq.thymeleaf.layoutdialect.LayoutDialect' (OnClassCondition)

   TransactionAutoConfiguration#transactionalOperator:
      Did not match:
         - @ConditionalOnSingleCandidate (types: org.springframework.transaction.ReactiveTransactionManager; SearchStrategy: all) did not find any beans (OnBeanCondition)

   TransactionAutoConfiguration.AspectJTransactionManagementConfiguration:
      Did not match:
         - @ConditionalOnBean (types: org.springframework.transaction.aspectj.AbstractTransactionAspect; SearchStrategy: all) did not find any beans of type org.springframework.transaction.aspectj.AbstractTransactionAspect (OnBeanCondition)

   TransactionAutoConfiguration.EnableTransactionManagementConfiguration.JdkDynamicAutoProxyConfiguration:
      Did not match:
         - @ConditionalOnProperty (spring.aop.proxy-target-class=false) did not find property 'proxy-target-class' (OnPropertyCondition)

   UserDetailsServiceAutoConfiguration:
      Did not match:
         - @ConditionalOnMissingBean (types: org.springframework.security.authentication.AuthenticationManager,org.springframework.security.authentication.AuthenticationProvider,org.springframework.security.core.userdetails.UserDetailsService,org.springframework.security.authentication.AuthenticationManagerResolver,org.springframework.security.oauth2.jwt.JwtDecoder; SearchStrategy: all) found beans of type 'org.springframework.security.authentication.AuthenticationManager' authenticationManager and found beans of type 'org.springframework.security.core.userdetails.UserDetailsService' customUserDetailsService (OnBeanCondition)
      Matched:
         - @ConditionalOnClass found required class 'org.springframework.security.authentication.AuthenticationManager' (OnClassCondition)
         - AnyNestedCondition 1 matched 2 did not; NestedCondition on UserDetailsServiceAutoConfiguration.MissingAlternativeOrUserPropertiesConfigured.PasswordConfigured @ConditionalOnProperty (spring.security.user.password) did not find property 'password'; NestedCondition on UserDetailsServiceAutoConfiguration.MissingAlternativeOrUserPropertiesConfigured.NameConfigured @ConditionalOnProperty (spring.security.user.name) did not find property 'name'; NestedCondition on UserDetailsServiceAutoConfiguration.MissingAlternativeOrUserPropertiesConfigured.MissingAlternative @ConditionalOnMissingClass did not find unwanted classes 'org.springframework.security.oauth2.client.registration.ClientRegistrationRepository', 'org.springframework.security.oauth2.server.resource.introspection.OpaqueTokenIntrospector', 'org.springframework.security.saml2.provider.service.registration.RelyingPartyRegistrationRepository' (UserDetailsServiceAutoConfiguration.MissingAlternativeOrUserPropertiesConfigured)

   WebClientAutoConfiguration:
      Did not match:
         - @ConditionalOnClass did not find required class 'org.springframework.web.reactive.function.client.WebClient' (OnClassCondition)

   WebFluxAutoConfiguration:
      Did not match:
         - @ConditionalOnClass did not find required class 'org.springframework.web.reactive.config.WebFluxConfigurer' (OnClassCondition)

   WebMvcAutoConfiguration#hiddenHttpMethodFilter:
      Did not match:
         - @ConditionalOnProperty (spring.mvc.hiddenmethod.filter.enabled) did not find property 'enabled' (OnPropertyCondition)

   WebMvcAutoConfiguration.ProblemDetailsErrorHandlingConfiguration:
      Did not match:
         - @ConditionalOnProperty (spring.mvc.problemdetails.enabled=true) did not find property 'enabled' (OnPropertyCondition)

   WebMvcAutoConfiguration.WebMvcAutoConfigurationAdapter#beanNameViewResolver:
      Did not match:
         - @ConditionalOnMissingBean (types: org.springframework.web.servlet.view.BeanNameViewResolver; SearchStrategy: all) found beans of type 'org.springframework.web.servlet.view.BeanNameViewResolver' beanNameViewResolver (OnBeanCondition)

   WebServiceTemplateAutoConfiguration:
      Did not match:
         - @ConditionalOnClass did not find required class 'org.springframework.oxm.Marshaller' (OnClassCondition)

   WebServicesAutoConfiguration:
      Did not match:
         - @ConditionalOnClass did not find required class 'org.springframework.ws.transport.http.MessageDispatcherServlet' (OnClassCondition)

   WebSessionIdResolverAutoConfiguration:
      Did not match:
         - @ConditionalOnClass did not find required class 'reactor.core.publisher.Mono' (OnClassCondition)

   WebSocketMessagingAutoConfiguration:
      Did not match:
         - @ConditionalOnClass did not find required class 'org.springframework.web.socket.config.annotation.WebSocketMessageBrokerConfigurer' (OnClassCondition)

   WebSocketReactiveAutoConfiguration:
      Did not match:
         - @ConditionalOnWebApplication did not find reactive web application classes (OnWebApplicationCondition)

   WebSocketServletAutoConfiguration.JettyWebSocketConfiguration:
      Did not match:
         - @ConditionalOnClass did not find required class 'org.eclipse.jetty.ee10.websocket.jakarta.server.config.JakartaWebSocketServletContainerInitializer' (OnClassCondition)

   WebSocketServletAutoConfiguration.UndertowWebSocketConfiguration:
      Did not match:
         - @ConditionalOnClass did not find required class 'io.undertow.websockets.jsr.Bootstrap' (OnClassCondition)

   XADataSourceAutoConfiguration:
      Did not match:
         - @ConditionalOnBean (types: org.springframework.boot.jdbc.XADataSourceWrapper; SearchStrategy: all) did not find any beans of type org.springframework.boot.jdbc.XADataSourceWrapper (OnBeanCondition)
      Matched:
         - @ConditionalOnClass found required classes 'javax.sql.DataSource', 'jakarta.transaction.TransactionManager', 'org.springframework.jdbc.datasource.embedded.EmbeddedDatabaseType' (OnClassCondition)


Exclusions:
-----------

    None


Unconditional classes:
----------------------

    org.springframework.boot.autoconfigure.context.ConfigurationPropertiesAutoConfiguration

    org.springframework.boot.autoconfigure.ssl.SslAutoConfiguration

    org.springframework.boot.autoconfigure.context.PropertyPlaceholderAutoConfiguration

    org.springframework.boot.autoconfigure.context.LifecycleAutoConfiguration

    org.springdoc.core.configuration.SpringDocSpecPropertiesConfiguration

    org.springframework.boot.autoconfigure.availability.ApplicationAvailabilityAutoConfiguration

    org.springframework.boot.autoconfigure.info.ProjectInfoAutoConfiguration



2025-02-05T01:47:03.046+09:00  INFO 29058 --- [MainP_Back] [    Test worker] org.com.MainPBackApplicationTests        : Started MainPBackApplicationTests in 13.431 seconds (process running for 14.868)
2025-02-05T01:47:03.048+09:00 DEBUG 29058 --- [MainP_Back] [    Test worker] o.s.b.a.ApplicationAvailabilityBean      : Application availability state LivenessState changed to CORRECT
2025-02-05T01:47:03.050+09:00 DEBUG 29058 --- [MainP_Back] [    Test worker] o.s.b.a.ApplicationAvailabilityBean      : Application availability state ReadinessState changed to ACCEPTING_TRAFFIC
2025-02-05T01:47:03.053+09:00 DEBUG 29058 --- [MainP_Back] [    Test worker] org.springframework.test.context.cache   : Spring test ApplicationContext cache statistics: [DefaultContextCache@341b1597 size = 1, maxSize = 32, parentContextCount = 0, hitCount = 0, missCount = 1, failureCount = 0]
2025-02-05T01:47:03.053+09:00 DEBUG 29058 --- [MainP_Back] [    Test worker] o.s.t.c.w.ServletTestExecutionListener   : Setting up MockHttpServletRequest, MockHttpServletResponse, ServletWebRequest, and RequestContextHolder for test class org.com.MainPBackApplicationTests
2025-02-05T01:47:03.063+09:00 DEBUG 29058 --- [MainP_Back] [    Test worker] DependencyInjectionTestExecutionListener : Performing dependency injection for test class org.com.MainPBackApplicationTests
2025-02-05T01:47:03.064+09:00 DEBUG 29058 --- [MainP_Back] [    Test worker] org.springframework.test.context.cache   : Spring test ApplicationContext cache statistics: [DefaultContextCache@341b1597 size = 1, maxSize = 32, parentContextCount = 0, hitCount = 1, missCount = 1, failureCount = 0]
2025-02-05T01:47:03.065+09:00 DEBUG 29058 --- [MainP_Back] [    Test worker] org.springframework.test.context.cache   : Spring test ApplicationContext cache statistics: [DefaultContextCache@341b1597 size = 1, maxSize = 32, parentContextCount = 0, hitCount = 2, missCount = 1, failureCount = 0]
2025-02-05T01:47:03.069+09:00 DEBUG 29058 --- [MainP_Back] [    Test worker] sContextBeforeModesTestExecutionListener : Before test method: class [MainPBackApplicationTests], method [contextLoads], class annotated with @DirtiesContext [false] with mode [null], method annotated with @DirtiesContext [false] with mode [null]
2025-02-05T01:47:03.072+09:00 DEBUG 29058 --- [MainP_Back] [    Test worker] org.springframework.test.context.cache   : Spring test ApplicationContext cache statistics: [DefaultContextCache@341b1597 size = 1, maxSize = 32, parentContextCount = 0, hitCount = 3, missCount = 1, failureCount = 0]
2025-02-05T01:47:03.072+09:00 DEBUG 29058 --- [MainP_Back] [    Test worker] org.springframework.test.context.cache   : Spring test ApplicationContext cache statistics: [DefaultContextCache@341b1597 size = 1, maxSize = 32, parentContextCount = 0, hitCount = 4, missCount = 1, failureCount = 0]
2025-02-05T01:47:03.535+09:00 DEBUG 29058 --- [MainP_Back] [    Test worker] org.springframework.test.context.cache   : Spring test ApplicationContext cache statistics: [DefaultContextCache@341b1597 size = 1, maxSize = 32, parentContextCount = 0, hitCount = 5, missCount = 1, failureCount = 0]
2025-02-05T01:47:03.539+09:00 DEBUG 29058 --- [MainP_Back] [    Test worker] org.springframework.test.context.cache   : Spring test ApplicationContext cache statistics: [DefaultContextCache@341b1597 size = 1, maxSize = 32, parentContextCount = 0, hitCount = 6, missCount = 1, failureCount = 0]
2025-02-05T01:47:03.545+09:00 DEBUG 29058 --- [MainP_Back] [    Test worker] org.springframework.test.context.cache   : Spring test ApplicationContext cache statistics: [DefaultContextCache@341b1597 size = 1, maxSize = 32, parentContextCount = 0, hitCount = 7, missCount = 1, failureCount = 0]
2025-02-05T01:47:03.545+09:00 DEBUG 29058 --- [MainP_Back] [    Test worker] org.springframework.test.context.cache   : Spring test ApplicationContext cache statistics: [DefaultContextCache@341b1597 size = 1, maxSize = 32, parentContextCount = 0, hitCount = 8, missCount = 1, failureCount = 0]
2025-02-05T01:47:03.546+09:00 DEBUG 29058 --- [MainP_Back] [    Test worker] org.springframework.test.context.cache   : Spring test ApplicationContext cache statistics: [DefaultContextCache@341b1597 size = 1, maxSize = 32, parentContextCount = 0, hitCount = 9, missCount = 1, failureCount = 0]
2025-02-05T01:47:03.548+09:00 DEBUG 29058 --- [MainP_Back] [    Test worker] org.springframework.test.context.cache   : Spring test ApplicationContext cache statistics: [DefaultContextCache@341b1597 size = 1, maxSize = 32, parentContextCount = 0, hitCount = 10, missCount = 1, failureCount = 0]
2025-02-05T01:47:03.548+09:00 DEBUG 29058 --- [MainP_Back] [    Test worker] org.springframework.test.context.cache   : Spring test ApplicationContext cache statistics: [DefaultContextCache@341b1597 size = 1, maxSize = 32, parentContextCount = 0, hitCount = 11, missCount = 1, failureCount = 0]
2025-02-05T01:47:03.550+09:00 DEBUG 29058 --- [MainP_Back] [    Test worker] org.springframework.test.context.cache   : Spring test ApplicationContext cache statistics: [DefaultContextCache@341b1597 size = 1, maxSize = 32, parentContextCount = 0, hitCount = 12, missCount = 1, failureCount = 0]
2025-02-05T01:47:03.552+09:00 DEBUG 29058 --- [MainP_Back] [    Test worker] org.springframework.test.context.cache   : Spring test ApplicationContext cache statistics: [DefaultContextCache@341b1597 size = 1, maxSize = 32, parentContextCount = 0, hitCount = 13, missCount = 1, failureCount = 0]
2025-02-05T01:47:03.552+09:00 DEBUG 29058 --- [MainP_Back] [    Test worker] .c.s.DirtiesContextTestExecutionListener : After test method: class [MainPBackApplicationTests], method [contextLoads], class annotated with @DirtiesContext [false] with mode [null], method annotated with @DirtiesContext [false] with mode [null]
2025-02-05T01:47:03.552+09:00 DEBUG 29058 --- [MainP_Back] [    Test worker] o.s.t.c.w.ServletTestExecutionListener   : Resetting RequestContextHolder for test class org.com.MainPBackApplicationTests
2025-02-05T01:47:03.561+09:00 DEBUG 29058 --- [MainP_Back] [    Test worker] org.springframework.test.context.cache   : Spring test ApplicationContext cache statistics: [DefaultContextCache@341b1597 size = 1, maxSize = 32, parentContextCount = 0, hitCount = 14, missCount = 1, failureCount = 0]
2025-02-05T01:47:03.561+09:00 DEBUG 29058 --- [MainP_Back] [    Test worker] org.springframework.test.context.cache   : Spring test ApplicationContext cache statistics: [DefaultContextCache@341b1597 size = 1, maxSize = 32, parentContextCount = 0, hitCount = 15, missCount = 1, failureCount = 0]
2025-02-05T01:47:03.561+09:00 DEBUG 29058 --- [MainP_Back] [    Test worker] .c.s.DirtiesContextTestExecutionListener : After test class: class [MainPBackApplicationTests], class annotated with @DirtiesContext [false] with mode [null]
]]></system-out>
  <system-err><![CDATA[]]></system-err>
</testsuite>
